#
# There is insufficient memory for the Java Runtime Environment to continue.
# Native memory allocation (mmap) failed to map 26214400 bytes for G1 virtual space
# Possible reasons:
#   The system is out of physical RAM or swap space
#   The process is running with CompressedOops enabled, and the Java Heap may be blocking the growth of the native heap
# Possible solutions:
#   Reduce memory load on the system
#   Increase physical memory or swap space
#   Check if swap backing store is full
#   Decrease Java heap size (-Xmx/-Xms)
#   Decrease number of Java threads
#   Decrease Java thread stack sizes (-Xss)
#   Set larger code cache with -XX:ReservedCodeCacheSize=
#   JVM is running with Unscaled Compressed Oops mode in which the Java heap is
#     placed in the first 4GB address space. The Java Heap base address is the
#     maximum limit for the native heap growth. Please use -XX:HeapBaseMinAddress
#     to set the Java Heap base and to place the Java Heap above 4GB virtual address.
# This output file may be truncated or incomplete.
#
#  Out of Memory Error (./open/src/hotspot/os/windows/os_windows.cpp:3321), pid=5492, tid=7804
#
# JRE version: Java(TM) SE Runtime Environment (15.0.2+7) (build 15.0.2+7-27)
# Java VM: Java HotSpot(TM) 64-Bit Server VM (15.0.2+7-27, mixed mode, sharing, tiered, compressed oops, g1 gc, windows-amd64)
# No core dump will be written. Minidumps are not enabled by default on client versions of Windows
#

---------------  S U M M A R Y ------------

Command Line: -ea -Didea.test.cyclic.buffer.size=1048576 -javaagent:D:\Programas\IntelliJ IDEA 2021.1\lib\idea_rt.jar=60881:D:\Programas\IntelliJ IDEA 2021.1\bin -Dfile.encoding=UTF-8 com.intellij.rt.junit.JUnitStarter -ideVersion5 -junit5 businessDelegate_Test.BusinessDelegateTest

Host: Intel(R) Core(TM) i5-7200U CPU @ 2.50GHz, 4 cores, 7G,  Windows 10 , 64 bit Build 17763 (10.0.17763.1)
Time: Thu Jun 17 23:29:24 2021 Hora est. Pacífico, Sudamérica elapsed time: 22.450942 seconds (0d 0h 0m 22s)

---------------  T H R E A D  ---------------

Current thread (0x00000189bb77c440):  VMThread "VM Thread" [stack: 0x000000644be00000,0x000000644bf00000] [id=7804]

Stack: [0x000000644be00000,0x000000644bf00000]
[error occurred during error reporting (printing stack bounds), id 0xc0000005, EXCEPTION_ACCESS_VIOLATION (0xc0000005) at pc=0x00000189a57910ad]

Native frames: (J=compiled Java code, j=interpreted, Vv=VM code, C=native code)
V  [jvm.dll+0x62ae9a]
V  [jvm.dll+0x7817a9]
V  [jvm.dll+0x782f03]
V  [jvm.dll+0x7834c5]
V  [jvm.dll+0x78347b]
V  [jvm.dll+0x62a2b9]
V  [jvm.dll+0x62aa88]
C  [ntdll.dll+0xa35af]
C  [ntdll.dll+0x4aaf]
C  [ntdll.dll+0xa231e]
C  0x00000189a57910ad

VM_Operation (0x000000644b8f8c60): G1CollectForAllocation, mode: safepoint, requested by thread 0x000001899d576240


---------------  P R O C E S S  ---------------

Threads class SMR info:
_java_thread_list=0x00000189c4027ab0, length=14, elements={
0x000001899d576240, 0x00000189bb7817b0, 0x00000189bb782290, 0x00000189bb7977c0,
0x00000189bb79c1a0, 0x00000189bb79db70, 0x00000189bb79e860, 0x00000189bb7a1de0,
0x00000189bb7a52b0, 0x00000189bb7637a0, 0x00000189bc23d4a0, 0x00000189bc23d970,
0x00000189c1cdcf20, 0x00000189bcd4f2f0
}

Java Threads: ( => current thread )
  0x000001899d576240 JavaThread "main" [_thread_blocked, id=7848, stack(0x000000644b800000,0x000000644b900000)]
  0x00000189bb7817b0 JavaThread "Reference Handler" daemon [_thread_blocked, id=3564, stack(0x000000644bf00000,0x000000644c000000)]
  0x00000189bb782290 JavaThread "Finalizer" daemon [_thread_blocked, id=8208, stack(0x000000644c000000,0x000000644c100000)]
  0x00000189bb7977c0 JavaThread "Signal Dispatcher" daemon [_thread_blocked, id=9148, stack(0x000000644c200000,0x000000644c300000)]
  0x00000189bb79c1a0 JavaThread "Attach Listener" daemon [_thread_blocked, id=8156, stack(0x000000644c300000,0x000000644c400000)]
  0x00000189bb79db70 JavaThread "Service Thread" daemon [_thread_blocked, id=5748, stack(0x000000644c400000,0x000000644c500000)]
  0x00000189bb79e860 JavaThread "C2 CompilerThread0" daemon [_thread_in_native, id=4532, stack(0x000000644c500000,0x000000644c600000)]
  0x00000189bb7a1de0 JavaThread "C1 CompilerThread0" daemon [_thread_blocked, id=9208, stack(0x000000644c600000,0x000000644c700000)]
  0x00000189bb7a52b0 JavaThread "Sweeper thread" daemon [_thread_blocked, id=9048, stack(0x000000644c700000,0x000000644c800000)]
  0x00000189bb7637a0 JavaThread "Common-Cleaner" daemon [_thread_blocked, id=7424, stack(0x000000644c800000,0x000000644c900000)]
  0x00000189bc23d4a0 JavaThread "Monitor Ctrl-Break" daemon [_thread_in_native, id=3736, stack(0x000000644c900000,0x000000644ca00000)]
  0x00000189bc23d970 JavaThread "Notification Thread" daemon [_thread_blocked, id=6780, stack(0x000000644ca00000,0x000000644cb00000)]
  0x00000189c1cdcf20 JavaThread "HikariPool-1 housekeeper" daemon [_thread_blocked, id=5824, stack(0x000000644d000000,0x000000644d100000)]
  0x00000189bcd4f2f0 JavaThread "C2 CompilerThread1" daemon [_thread_blocked, id=9752, stack(0x000000644ce00000,0x000000644cf00000)]

Other Threads:
=>0x00000189bb77c440 VMThread "VM Thread" [stack: 0x000000644be00000,0x000000644bf00000] [id=7804]
  0x00000189bc242d50 WatcherThread [stack: 0x000000644cb00000,0x000000644cc00000] [id=4188]
  0x000001899d5b7410 GCTaskThread "GC Thread#0" [stack: 0x000000644b900000,0x000000644ba00000] [id=1604]
  0x00000189bc96a4a0 GCTaskThread "GC Thread#1" [stack: 0x000000644cc00000,0x000000644cd00000] [id=10084]
  0x00000189bc968e50 GCTaskThread "GC Thread#2" [stack: 0x000000644cd00000,0x000000644ce00000] [id=5080]
  0x00000189bc96a170 GCTaskThread "GC Thread#3" [stack: 0x000000644d100000,0x000000644d200000] [id=8988]
  0x000001899d5c9100 ConcurrentGCThread "G1 Main Marker" [stack: 0x000000644ba00000,0x000000644bb00000] [id=3936]
  0x000001899d5cac10 ConcurrentGCThread "G1 Conc#0" [stack: 0x000000644bb00000,0x000000644bc00000] [id=7052]
  0x000001899d62e970 ConcurrentGCThread "G1 Refine#0" [stack: 0x000000644bc00000,0x000000644bd00000] [id=7236]
  0x00000189bcb5c7f0 ConcurrentGCThread "G1 Refine#1" [stack: 0x000000644cf00000,0x000000644d000000] [id=8360]
  0x00000189bb5f25f0 ConcurrentGCThread "G1 Young RemSet Sampling" [stack: 0x000000644bd00000,0x000000644be00000] [id=9712]

Threads with active compile tasks:
C2 CompilerThread0    22469 9113       4       org.springframework.core.annotation.TypeMappedAnnotations::scan (62 bytes)
C2 CompilerThread1    22469 9126       4       org.springframework.core.annotation.AnnotationsScanner::scan (18 bytes)

VM state: at safepoint (normal execution)

VM Mutex/Monitor currently owned by a thread:  ([mutex/lock_event])
[0x000001899d571770] Threads_lock - owner thread: 0x00000189bb77c440
[0x000001899d5724f0] Heap_lock - owner thread: 0x000001899d576240

Heap address: 0x0000000081c00000, size: 2020 MB, Compressed Oops mode: 32-bit
CDS archive(s) mapped at: [0x0000000800000000-0x0000000800b50000-0x0000000800b50000), size 11862016, SharedBaseAddress: 0x0000000800000000, ArchiveRelocationMode: 0.
Compressed class space mapped at: 0x0000000800b50000-0x0000000840b50000, size: 1073741824
Narrow klass base: 0x0000000800000000, Narrow klass shift: 3, Narrow klass range: 0x100000000

GC Precious Log:
 CPUs: 4 total, 4 available
 Memory: 8073M
 Large Page Support: Disabled
 NUMA Support: Disabled
 Compressed Oops: Enabled (32-bit)
 Heap Region Size: 1M
 Heap Min Capacity: 8M
 Heap Initial Capacity: 128M
 Heap Max Capacity: 2020M
 Pre-touch: Disabled
 Parallel Workers: 4
 Concurrent Workers: 1
 Concurrent Refinement Workers: 4
 Periodic GC: Disabled

Heap:
 garbage-first heap   total 114688K, used 47660K [0x0000000081c00000, 0x0000000100000000)
  region size 1024K, 1 young (1024K), 1 survivors (1024K)
 Metaspace       used 61175K, capacity 61777K, committed 61952K, reserved 1103872K
  class space    used 7662K, capacity 7841K, committed 7936K, reserved 1048576K

Heap Regions: E=young(eden), S=young(survivor), O=old, HS=humongous(starts), HC=humongous(continues), CS=collection set, F=free, OA=open archive, CA=closed archive, TAMS=top-at-mark-start (previous, next)
|   0|0x0000000081c00000, 0x0000000081d00000, 0x0000000081d00000|100%|HS|  |TAMS 0x0000000081d00000, 0x0000000081c00000| Complete 
|   1|0x0000000081d00000, 0x0000000081e00000, 0x0000000081e00000|100%| O|  |TAMS 0x0000000081e00000, 0x0000000081d00000| Untracked 
|   2|0x0000000081e00000, 0x0000000081f00000, 0x0000000081f00000|100%| O|  |TAMS 0x0000000081f00000, 0x0000000081e00000| Untracked 
|   3|0x0000000081f00000, 0x0000000082000000, 0x0000000082000000|100%| O|  |TAMS 0x0000000082000000, 0x0000000081f00000| Untracked 
|   4|0x0000000082000000, 0x0000000082100000, 0x0000000082100000|100%| O|  |TAMS 0x0000000082100000, 0x0000000082000000| Untracked 
|   5|0x0000000082100000, 0x0000000082200000, 0x0000000082200000|100%| O|  |TAMS 0x0000000082200000, 0x0000000082100000| Untracked 
|   6|0x0000000082200000, 0x0000000082300000, 0x0000000082300000|100%| O|  |TAMS 0x0000000082300000, 0x0000000082200000| Untracked 
|   7|0x0000000082300000, 0x0000000082300000, 0x0000000082400000|  0%| F|  |TAMS 0x0000000082300000, 0x0000000082300000| Untracked 
|   8|0x0000000082400000, 0x0000000082500000, 0x0000000082500000|100%| O|  |TAMS 0x0000000082500000, 0x0000000082400000| Untracked 
|   9|0x0000000082500000, 0x0000000082600000, 0x0000000082600000|100%| O|  |TAMS 0x0000000082600000, 0x0000000082500000| Untracked 
|  10|0x0000000082600000, 0x0000000082700000, 0x0000000082700000|100%| O|  |TAMS 0x0000000082700000, 0x0000000082600000| Untracked 
|  11|0x0000000082700000, 0x0000000082800000, 0x0000000082800000|100%| O|  |TAMS 0x0000000082800000, 0x0000000082700000| Untracked 
|  12|0x0000000082800000, 0x0000000082900000, 0x0000000082900000|100%| O|  |TAMS 0x0000000082900000, 0x0000000082800000| Untracked 
|  13|0x0000000082900000, 0x0000000082900000, 0x0000000082a00000|  0%| F|  |TAMS 0x0000000082900000, 0x0000000082900000| Untracked 
|  14|0x0000000082a00000, 0x0000000082b00000, 0x0000000082b00000|100%| O|  |TAMS 0x0000000082b00000, 0x0000000082a00000| Untracked 
|  15|0x0000000082b00000, 0x0000000082c00000, 0x0000000082c00000|100%| O|  |TAMS 0x0000000082c00000, 0x0000000082b00000| Complete 
|  16|0x0000000082c00000, 0x0000000082d00000, 0x0000000082d00000|100%| O|  |TAMS 0x0000000082d00000, 0x0000000082c00000| Untracked 
|  17|0x0000000082d00000, 0x0000000082e00000, 0x0000000082e00000|100%| O|  |TAMS 0x0000000082e00000, 0x0000000082d00000| Untracked 
|  18|0x0000000082e00000, 0x0000000082f00000, 0x0000000082f00000|100%| O|  |TAMS 0x0000000082f00000, 0x0000000082e00000| Complete 
|  19|0x0000000082f00000, 0x0000000083000000, 0x0000000083000000|100%| O|  |TAMS 0x0000000083000000, 0x0000000082f00000| Untracked 
|  20|0x0000000083000000, 0x0000000083000000, 0x0000000083100000|  0%| F|  |TAMS 0x0000000083000000, 0x0000000083000000| Untracked 
|  21|0x0000000083100000, 0x0000000083200000, 0x0000000083200000|100%| O|  |TAMS 0x0000000083200000, 0x0000000083100000| Untracked 
|  22|0x0000000083200000, 0x0000000083300000, 0x0000000083300000|100%| O|  |TAMS 0x0000000083300000, 0x0000000083200000| Complete 
|  23|0x0000000083300000, 0x0000000083300000, 0x0000000083400000|  0%| F|  |TAMS 0x0000000083300000, 0x0000000083300000| Untracked 
|  24|0x0000000083400000, 0x0000000083400000, 0x0000000083500000|  0%| F|  |TAMS 0x0000000083400000, 0x0000000083400000| Untracked 
|  25|0x0000000083500000, 0x0000000083500000, 0x0000000083600000|  0%| F|  |TAMS 0x0000000083500000, 0x0000000083500000| Untracked 
|  26|0x0000000083600000, 0x0000000083600000, 0x0000000083700000|  0%| F|  |TAMS 0x0000000083600000, 0x0000000083600000| Untracked 
|  27|0x0000000083700000, 0x0000000083800000, 0x0000000083800000|100%| O|  |TAMS 0x0000000083800000, 0x0000000083700000| Untracked 
|  28|0x0000000083800000, 0x0000000083900000, 0x0000000083900000|100%| O|  |TAMS 0x0000000083900000, 0x0000000083800000| Untracked 
|  29|0x0000000083900000, 0x0000000083a00000, 0x0000000083a00000|100%| O|  |TAMS 0x0000000083a00000, 0x0000000083900000| Untracked 
|  30|0x0000000083a00000, 0x0000000083b00000, 0x0000000083b00000|100%| O|  |TAMS 0x0000000083b00000, 0x0000000083a00000| Untracked 
|  31|0x0000000083b00000, 0x0000000083c00000, 0x0000000083c00000|100%| O|  |TAMS 0x0000000083c00000, 0x0000000083b00000| Untracked 
|  32|0x0000000083c00000, 0x0000000083d00000, 0x0000000083d00000|100%| O|  |TAMS 0x0000000083d00000, 0x0000000083c00000| Untracked 
|  33|0x0000000083d00000, 0x0000000083e00000, 0x0000000083e00000|100%| O|  |TAMS 0x0000000083e00000, 0x0000000083d00000| Untracked 
|  34|0x0000000083e00000, 0x0000000083f00000, 0x0000000083f00000|100%| O|  |TAMS 0x0000000083f00000, 0x0000000083e00000| Untracked 
|  35|0x0000000083f00000, 0x0000000084000000, 0x0000000084000000|100%| O|  |TAMS 0x0000000084000000, 0x0000000083f00000| Untracked 
|  36|0x0000000084000000, 0x0000000084100000, 0x0000000084100000|100%| O|  |TAMS 0x0000000084100000, 0x0000000084000000| Untracked 
|  37|0x0000000084100000, 0x0000000084100000, 0x0000000084200000|  0%| F|  |TAMS 0x0000000084100000, 0x0000000084100000| Untracked 
|  38|0x0000000084200000, 0x0000000084200000, 0x0000000084300000|  0%| F|  |TAMS 0x0000000084200000, 0x0000000084200000| Untracked 
|  39|0x0000000084300000, 0x0000000084400000, 0x0000000084400000|100%| O|  |TAMS 0x000000008439f200, 0x0000000084300000| Untracked 
|  40|0x0000000084400000, 0x0000000084500000, 0x0000000084500000|100%| O|  |TAMS 0x0000000084400000, 0x0000000084400000| Untracked 
|  41|0x0000000084500000, 0x0000000084600000, 0x0000000084600000|100%| O|  |TAMS 0x0000000084500000, 0x0000000084500000| Untracked 
|  42|0x0000000084600000, 0x0000000084700000, 0x0000000084700000|100%| O|  |TAMS 0x0000000084600000, 0x0000000084600000| Untracked 
|  43|0x0000000084700000, 0x0000000084800000, 0x0000000084800000|100%| O|  |TAMS 0x0000000084700000, 0x0000000084700000| Untracked 
|  44|0x0000000084800000, 0x0000000084900000, 0x0000000084900000|100%| O|  |TAMS 0x0000000084800000, 0x0000000084800000| Untracked 
|  45|0x0000000084900000, 0x0000000084a00000, 0x0000000084a00000|100%| O|  |TAMS 0x0000000084900000, 0x0000000084900000| Untracked 
|  46|0x0000000084a00000, 0x0000000084b00000, 0x0000000084b00000|100%| O|  |TAMS 0x0000000084a00000, 0x0000000084a00000| Untracked 
|  47|0x0000000084b00000, 0x0000000084c00000, 0x0000000084c00000|100%| O|  |TAMS 0x0000000084b00000, 0x0000000084b00000| Untracked 
|  48|0x0000000084c00000, 0x0000000084d00000, 0x0000000084d00000|100%| O|  |TAMS 0x0000000084c00000, 0x0000000084c00000| Untracked 
|  49|0x0000000084d00000, 0x0000000084e00000, 0x0000000084e00000|100%| O|  |TAMS 0x0000000084d00000, 0x0000000084d00000| Untracked 
|  50|0x0000000084e00000, 0x0000000084f00000, 0x0000000084f00000|100%| O|  |TAMS 0x0000000084e00000, 0x0000000084e00000| Untracked 
|  51|0x0000000084f00000, 0x0000000085000000, 0x0000000085000000|100%| O|  |TAMS 0x0000000084f00000, 0x0000000084f00000| Untracked 
|  52|0x0000000085000000, 0x0000000085100000, 0x0000000085100000|100%| O|  |TAMS 0x0000000085000000, 0x0000000085000000| Untracked 
|  53|0x0000000085100000, 0x0000000085200000, 0x0000000085200000|100%| O|  |TAMS 0x0000000085100000, 0x0000000085100000| Untracked 
|  54|0x0000000085200000, 0x0000000085300000, 0x0000000085300000|100%| O|  |TAMS 0x0000000085200000, 0x0000000085200000| Untracked 
|  55|0x0000000085300000, 0x0000000085300000, 0x0000000085400000|  0%| F|  |TAMS 0x0000000085300000, 0x0000000085300000| Untracked 
|  56|0x0000000085400000, 0x0000000085400000, 0x0000000085500000|  0%| F|  |TAMS 0x0000000085400000, 0x0000000085400000| Untracked 
|  57|0x0000000085500000, 0x0000000085500000, 0x0000000085600000|  0%| F|  |TAMS 0x0000000085500000, 0x0000000085500000| Untracked 
|  58|0x0000000085600000, 0x0000000085600000, 0x0000000085700000|  0%| F|  |TAMS 0x0000000085600000, 0x0000000085600000| Untracked 
|  59|0x0000000085700000, 0x0000000085700000, 0x0000000085800000|  0%| F|  |TAMS 0x0000000085700000, 0x0000000085700000| Untracked 
|  60|0x0000000085800000, 0x0000000085800000, 0x0000000085900000|  0%| F|  |TAMS 0x0000000085800000, 0x0000000085800000| Untracked 
|  61|0x0000000085900000, 0x0000000085900000, 0x0000000085a00000|  0%| F|  |TAMS 0x0000000085900000, 0x0000000085900000| Untracked 
|  62|0x0000000085a00000, 0x0000000085a00000, 0x0000000085b00000|  0%| F|  |TAMS 0x0000000085a00000, 0x0000000085a00000| Untracked 
|  63|0x0000000085b00000, 0x0000000085b00000, 0x0000000085c00000|  0%| F|  |TAMS 0x0000000085b00000, 0x0000000085b00000| Untracked 
|  64|0x0000000085c00000, 0x0000000085c00000, 0x0000000085d00000|  0%| F|  |TAMS 0x0000000085c00000, 0x0000000085c00000| Untracked 
|  65|0x0000000085d00000, 0x0000000085d00000, 0x0000000085e00000|  0%| F|  |TAMS 0x0000000085d00000, 0x0000000085d00000| Untracked 
|  66|0x0000000085e00000, 0x0000000085e00000, 0x0000000085f00000|  0%| F|  |TAMS 0x0000000085e00000, 0x0000000085e00000| Untracked 
|  67|0x0000000085f00000, 0x0000000085f00000, 0x0000000086000000|  0%| F|  |TAMS 0x0000000085f00000, 0x0000000085f00000| Untracked 
|  68|0x0000000086000000, 0x0000000086000000, 0x0000000086100000|  0%| F|  |TAMS 0x0000000086000000, 0x0000000086000000| Untracked 
|  69|0x0000000086100000, 0x0000000086100000, 0x0000000086200000|  0%| F|  |TAMS 0x0000000086100000, 0x0000000086100000| Untracked 
|  70|0x0000000086200000, 0x0000000086200000, 0x0000000086300000|  0%| F|  |TAMS 0x0000000086200000, 0x0000000086200000| Untracked 
|  71|0x0000000086300000, 0x0000000086300000, 0x0000000086400000|  0%| F|  |TAMS 0x0000000086300000, 0x0000000086300000| Untracked 
|  72|0x0000000086400000, 0x0000000086400000, 0x0000000086500000|  0%| F|  |TAMS 0x0000000086400000, 0x0000000086400000| Untracked 
|  73|0x0000000086500000, 0x0000000086500000, 0x0000000086600000|  0%| F|  |TAMS 0x0000000086500000, 0x0000000086500000| Untracked 
|  74|0x0000000086600000, 0x0000000086600000, 0x0000000086700000|  0%| F|  |TAMS 0x0000000086600000, 0x0000000086600000| Untracked 
|  75|0x0000000086700000, 0x0000000086700000, 0x0000000086800000|  0%| F|  |TAMS 0x0000000086700000, 0x0000000086700000| Untracked 
|  76|0x0000000086800000, 0x0000000086800000, 0x0000000086900000|  0%| F|  |TAMS 0x0000000086800000, 0x0000000086800000| Untracked 
|  77|0x0000000086900000, 0x0000000086900000, 0x0000000086a00000|  0%| F|  |TAMS 0x0000000086900000, 0x0000000086900000| Untracked 
|  78|0x0000000086a00000, 0x0000000086a00000, 0x0000000086b00000|  0%| F|  |TAMS 0x0000000086a00000, 0x0000000086a00000| Untracked 
|  79|0x0000000086b00000, 0x0000000086b00000, 0x0000000086c00000|  0%| F|  |TAMS 0x0000000086b00000, 0x0000000086b00000| Untracked 
|  80|0x0000000086c00000, 0x0000000086c00000, 0x0000000086d00000|  0%| F|  |TAMS 0x0000000086c00000, 0x0000000086c00000| Untracked 
|  81|0x0000000086d00000, 0x0000000086d00000, 0x0000000086e00000|  0%| F|  |TAMS 0x0000000086d00000, 0x0000000086d00000| Untracked 
|  82|0x0000000086e00000, 0x0000000086e00000, 0x0000000086f00000|  0%| F|  |TAMS 0x0000000086e00000, 0x0000000086e00000| Untracked 
|  83|0x0000000086f00000, 0x0000000086f00000, 0x0000000087000000|  0%| F|  |TAMS 0x0000000086f00000, 0x0000000086f00000| Untracked 
|  84|0x0000000087000000, 0x0000000087000000, 0x0000000087100000|  0%| F|  |TAMS 0x0000000087000000, 0x0000000087000000| Untracked 
|  85|0x0000000087100000, 0x000000008718b120, 0x0000000087200000| 54%| S|CS|TAMS 0x0000000087100000, 0x0000000087100000| Complete 
| 127|0x0000000089b00000, 0x0000000089b00000, 0x0000000089c00000|  0%| F|  |TAMS 0x0000000089b00000, 0x0000000089b00000| Untracked 

Card table byte_map: [0x00000189b4b90000,0x00000189b4f90000] _byte_map_base: 0x00000189b4782000

Marking Bits (Prev, Next): (CMBitMap*) 0x000001899d5b8b60, (CMBitMap*) 0x000001899d5b8b20
 Prev Bits: [0x00000189b7320000, 0x00000189b92b0000)
 Next Bits: [0x00000189b5390000, 0x00000189b7320000)

Polling page: 0x000001899b330000

Metaspace:

Usage:
  Non-class:     52.67 MB capacity,    52.26 MB (>99%) used,   340.25 KB ( <1%) free+waste,    83.00 KB ( <1%) overhead. 
      Class:      7.66 MB capacity,     7.48 MB ( 98%) used,   146.85 KB (  2%) free+waste,    31.38 KB ( <1%) overhead. 
       Both:     60.33 MB capacity,    59.74 MB (>99%) used,   487.10 KB ( <1%) free+waste,   114.38 KB ( <1%) overhead. 

Virtual space:
  Non-class space:       54.00 MB reserved,      52.75 MB ( 98%) committed 
      Class space:        1.00 GB reserved,       7.75 MB ( <1%) committed 
             Both:        1.05 GB reserved,      60.50 MB (  6%) committed 

Chunk freelists:
   Non-Class:  16.00 KB
       Class:  31.00 KB
        Both:  47.00 KB

MaxMetaspaceSize: 17179869184.00 GB
CompressedClassSpaceSize: 1.00 GB

CodeHeap 'non-profiled nmethods': size=120000Kb used=4790Kb max_used=4790Kb free=115209Kb
 bounds [0x00000189ad260000, 0x00000189ad710000, 0x00000189b4790000]
CodeHeap 'profiled nmethods': size=120000Kb used=18657Kb max_used=18657Kb free=101342Kb
 bounds [0x00000189a5d30000, 0x00000189a6f70000, 0x00000189ad260000]
CodeHeap 'non-nmethods': size=5760Kb used=1319Kb max_used=1403Kb free=4440Kb
 bounds [0x00000189a5790000, 0x00000189a5a00000, 0x00000189a5d30000]
 total_blobs=9258 nmethods=8654 adapters=515
 compilation: enabled
              stopped_count=0, restarted_count=0
 full_count=0

Compilation events (20 events):
Event: 22.302 Thread 0x00000189bb7a1de0 9424       2       org.springframework.aop.framework.autoproxy.AbstractAdvisorAutoProxyCreator::findCandidateAdvisors (25 bytes)
Event: 22.302 Thread 0x00000189bb7a1de0 nmethod 9424 0x00000189a6f63510 code [0x00000189a6f636c0, 0x00000189a6f638b8]
Event: 22.305 Thread 0x00000189bb7a1de0 9425       2       java.beans.FeatureDescriptor::<init> (69 bytes)
Event: 22.306 Thread 0x00000189bb7a1de0 nmethod 9425 0x00000189a6f63a10 code [0x00000189a6f63c00, 0x00000189a6f64048]
Event: 22.315 Thread 0x00000189bb7a1de0 9427       2       com.sun.beans.TypeResolver::erase (154 bytes)
Event: 22.316 Thread 0x00000189bb7a1de0 nmethod 9427 0x00000189a6f64190 code [0x00000189a6f64400, 0x00000189a6f64bd8]
Event: 22.318 Thread 0x00000189bb7a1de0 9428       2       org.springframework.aop.support.AopUtils::canApply (49 bytes)
Event: 22.318 Thread 0x00000189bb7a1de0 nmethod 9428 0x00000189a6f64f10 code [0x00000189a6f650e0, 0x00000189a6f65418]
Event: 22.329 Thread 0x00000189bb7a1de0 9429       2       java.util.AbstractList::equals (117 bytes)
Event: 22.329 Thread 0x00000189bb7a1de0 nmethod 9429 0x00000189a6f65590 code [0x00000189a6f657c0, 0x00000189a6f65c08]
Event: 22.361 Thread 0x00000189bb7a1de0 9430   !   2       com.sun.beans.TypeResolver::resolve (261 bytes)
Event: 22.362 Thread 0x00000189bb7a1de0 nmethod 9430 0x00000189a6f65e10 code [0x00000189a6f66120, 0x00000189a6f66ec8]
Event: 22.362 Thread 0x00000189bb7a1de0 9431       2       com.sun.beans.util.Cache$CacheEntry::<init> (56 bytes)
Event: 22.363 Thread 0x00000189bb7a1de0 nmethod 9431 0x00000189a6f67490 code [0x00000189a6f67640, 0x00000189a6f67958]
Event: 22.380 Thread 0x00000189bb7a1de0 9432       2       org.springframework.beans.factory.support.AbstractAutowireCapableBeanFactory::applyBeanPostProcessorsBeforeInitialization (61 bytes)
Event: 22.380 Thread 0x00000189bb7a1de0 nmethod 9432 0x00000189a6f67a90 code [0x00000189a6f67c60, 0x00000189a6f67f18]
Event: 22.382 Thread 0x00000189bb7a1de0 9433       2       org.springframework.core.annotation.TypeMappedAnnotations$AggregatesCollector::finish (9 bytes)
Event: 22.383 Thread 0x00000189bb7a1de0 nmethod 9433 0x00000189a6f68090 code [0x00000189a6f68220, 0x00000189a6f68378]
Event: 22.383 Thread 0x00000189bb7a1de0 9434       2       org.springframework.core.annotation.TypeMappedAnnotations$AggregatesCollector::finish (5 bytes)
Event: 22.383 Thread 0x00000189bb7a1de0 nmethod 9434 0x00000189a6f68410 code [0x00000189a6f685a0, 0x00000189a6f68698]

GC Heap History (20 events):
Event: 16.143 GC heap after
{Heap after GC invocations=23 (full 0):
 garbage-first heap   total 70656K, used 28232K [0x0000000081c00000, 0x0000000100000000)
  region size 1024K, 2 young (2048K), 2 survivors (2048K)
 Metaspace       used 50857K, capacity 51372K, committed 51584K, reserved 1093632K
  class space    used 6553K, capacity 6699K, committed 6784K, reserved 1048576K
}
Event: 16.430 GC heap before
{Heap before GC invocations=23 (full 0):
 garbage-first heap   total 70656K, used 57928K [0x0000000081c00000, 0x0000000100000000)
  region size 1024K, 31 young (31744K), 2 survivors (2048K)
 Metaspace       used 51144K, capacity 51660K, committed 51840K, reserved 1093632K
  class space    used 6574K, capacity 6731K, committed 6784K, reserved 1048576K
}
Event: 16.438 GC heap after
{Heap after GC invocations=24 (full 0):
 garbage-first heap   total 70656K, used 28668K [0x0000000081c00000, 0x0000000100000000)
  region size 1024K, 3 young (3072K), 3 survivors (3072K)
 Metaspace       used 51144K, capacity 51660K, committed 51840K, reserved 1093632K
  class space    used 6574K, capacity 6731K, committed 6784K, reserved 1048576K
}
Event: 16.908 GC heap before
{Heap before GC invocations=24 (full 0):
 garbage-first heap   total 70656K, used 57340K [0x0000000081c00000, 0x0000000100000000)
  region size 1024K, 31 young (31744K), 3 survivors (3072K)
 Metaspace       used 52420K, capacity 52891K, committed 52992K, reserved 1095680K
  class space    used 6715K, capacity 6863K, committed 6912K, reserved 1048576K
}
Event: 16.920 GC heap after
{Heap after GC invocations=25 (full 0):
 garbage-first heap   total 70656K, used 30682K [0x0000000081c00000, 0x0000000100000000)
  region size 1024K, 4 young (4096K), 4 survivors (4096K)
 Metaspace       used 52420K, capacity 52891K, committed 52992K, reserved 1095680K
  class space    used 6715K, capacity 6863K, committed 6912K, reserved 1048576K
}
Event: 17.223 GC heap before
{Heap before GC invocations=25 (full 0):
 garbage-first heap   total 70656K, used 58330K [0x0000000081c00000, 0x0000000100000000)
  region size 1024K, 31 young (31744K), 4 survivors (4096K)
 Metaspace       used 52601K, capacity 53115K, committed 53248K, reserved 1095680K
  class space    used 6728K, capacity 6895K, committed 6912K, reserved 1048576K
}
Event: 17.244 GC heap after
{Heap after GC invocations=26 (full 0):
 garbage-first heap   total 70656K, used 35667K [0x0000000081c00000, 0x0000000100000000)
  region size 1024K, 4 young (4096K), 4 survivors (4096K)
 Metaspace       used 52601K, capacity 53115K, committed 53248K, reserved 1095680K
  class space    used 6728K, capacity 6895K, committed 6912K, reserved 1048576K
}
Event: 18.197 GC heap before
{Heap before GC invocations=26 (full 0):
 garbage-first heap   total 70656K, used 55123K [0x0000000081c00000, 0x0000000100000000)
  region size 1024K, 24 young (24576K), 4 survivors (4096K)
 Metaspace       used 53680K, capacity 54171K, committed 54400K, reserved 1097728K
  class space    used 6830K, capacity 6991K, committed 7040K, reserved 1048576K
}
Event: 18.219 GC heap after
{Heap after GC invocations=27 (full 0):
 garbage-first heap   total 70656K, used 38736K [0x0000000081c00000, 0x0000000100000000)
  region size 1024K, 3 young (3072K), 3 survivors (3072K)
 Metaspace       used 53680K, capacity 54171K, committed 54400K, reserved 1097728K
  class space    used 6830K, capacity 6991K, committed 7040K, reserved 1048576K
}
Event: 18.670 GC heap before
{Heap before GC invocations=28 (full 0):
 garbage-first heap   total 73728K, used 55120K [0x0000000081c00000, 0x0000000100000000)
  region size 1024K, 20 young (20480K), 3 survivors (3072K)
 Metaspace       used 54029K, capacity 54491K, committed 54656K, reserved 1097728K
  class space    used 6835K, capacity 6991K, committed 7040K, reserved 1048576K
}
Event: 18.681 GC heap after
{Heap after GC invocations=29 (full 0):
 garbage-first heap   total 73728K, used 39212K [0x0000000081c00000, 0x0000000100000000)
  region size 1024K, 1 young (1024K), 1 survivors (1024K)
 Metaspace       used 54029K, capacity 54491K, committed 54656K, reserved 1097728K
  class space    used 6835K, capacity 6991K, committed 7040K, reserved 1048576K
}
Event: 19.054 GC heap before
{Heap before GC invocations=29 (full 0):
 garbage-first heap   total 73728K, used 58668K [0x0000000081c00000, 0x0000000100000000)
  region size 1024K, 20 young (20480K), 1 survivors (1024K)
 Metaspace       used 55583K, capacity 56087K, committed 56320K, reserved 1097728K
  class space    used 6977K, capacity 7129K, committed 7168K, reserved 1048576K
}
Event: 19.064 GC heap after
{Heap after GC invocations=30 (full 0):
 garbage-first heap   total 89088K, used 39756K [0x0000000081c00000, 0x0000000100000000)
  region size 1024K, 2 young (2048K), 2 survivors (2048K)
 Metaspace       used 55583K, capacity 56087K, committed 56320K, reserved 1097728K
  class space    used 6977K, capacity 7129K, committed 7168K, reserved 1048576K
}
Event: 20.429 GC heap before
{Heap before GC invocations=31 (full 0):
 garbage-first heap   total 89088K, used 70476K [0x0000000081c00000, 0x0000000100000000)
  region size 1024K, 32 young (32768K), 2 survivors (2048K)
 Metaspace       used 58415K, capacity 58976K, committed 59264K, reserved 1101824K
  class space    used 7274K, capacity 7444K, committed 7552K, reserved 1048576K
}
Event: 20.447 GC heap after
{Heap after GC invocations=32 (full 0):
 garbage-first heap   total 89088K, used 44004K [0x0000000081c00000, 0x0000000100000000)
  region size 1024K, 4 young (4096K), 4 survivors (4096K)
 Metaspace       used 58415K, capacity 58976K, committed 59264K, reserved 1101824K
  class space    used 7274K, capacity 7444K, committed 7552K, reserved 1048576K
}
Event: 21.238 GC heap before
{Heap before GC invocations=32 (full 0):
 garbage-first heap   total 89088K, used 71652K [0x0000000081c00000, 0x0000000100000000)
  region size 1024K, 31 young (31744K), 4 survivors (4096K)
 Metaspace       used 58611K, capacity 59184K, committed 59520K, reserved 1101824K
  class space    used 7277K, capacity 7449K, committed 7552K, reserved 1048576K
}
Event: 21.266 GC heap after
{Heap after GC invocations=33 (full 0):
 garbage-first heap   total 89088K, used 47717K [0x0000000081c00000, 0x0000000100000000)
  region size 1024K, 4 young (4096K), 4 survivors (4096K)
 Metaspace       used 58611K, capacity 59184K, committed 59520K, reserved 1101824K
  class space    used 7277K, capacity 7449K, committed 7552K, reserved 1048576K
}
Event: 22.330 GC heap before
{Heap before GC invocations=34 (full 0):
 garbage-first heap   total 89088K, used 71269K [0x0000000081c00000, 0x0000000100000000)
  region size 1024K, 27 young (27648K), 4 survivors (4096K)
 Metaspace       used 61169K, capacity 61777K, committed 61952K, reserved 1103872K
  class space    used 7661K, capacity 7841K, committed 7936K, reserved 1048576K
}
Event: 22.351 GC heap after
{Heap after GC invocations=35 (full 0):
 garbage-first heap   total 89088K, used 50865K [0x0000000081c00000, 0x0000000100000000)
  region size 1024K, 3 young (3072K), 3 survivors (3072K)
 Metaspace       used 61169K, capacity 61777K, committed 61952K, reserved 1103872K
  class space    used 7661K, capacity 7841K, committed 7936K, reserved 1048576K
}
Event: 22.387 GC heap before
{Heap before GC invocations=35 (full 0):
 garbage-first heap   total 89088K, used 51889K [0x0000000081c00000, 0x0000000100000000)
  region size 1024K, 4 young (4096K), 3 survivors (3072K)
 Metaspace       used 61175K, capacity 61777K, committed 61952K, reserved 1103872K
  class space    used 7662K, capacity 7841K, committed 7936K, reserved 1048576K
}

Deoptimization events (20 events):
Event: 21.817 Thread 0x000001899d576240 Uncommon trap: trap_request=0xffffffc6 fr.pc=0x00000189ad68018c relative=0x00000000000005ec
Event: 21.817 Thread 0x000001899d576240 Uncommon trap: reason=bimorphic_or_optimized_type_check action=maybe_recompile pc=0x00000189ad68018c method=java.util.regex.Pattern$CharPropertyGreedy.match(Ljava/util/regex/Matcher;ILjava/lang/CharSequence;)Z @ 64 c2
Event: 21.817 Thread 0x000001899d576240 DEOPT PACKING pc=0x00000189ad68018c sp=0x000000644b8f9c80
Event: 21.817 Thread 0x000001899d576240 DEOPT UNPACKING pc=0x00000189a57de42f sp=0x000000644b8f9c20 mode 2
Event: 22.008 Thread 0x000001899d576240 Uncommon trap: trap_request=0xffffff45 fr.pc=0x00000189ad39e6d4 relative=0x0000000000001034
Event: 22.008 Thread 0x000001899d576240 Uncommon trap: reason=unstable_if action=reinterpret pc=0x00000189ad39e6d4 method=java.util.Properties$LineReader.readLine()I @ 221 c2
Event: 22.008 Thread 0x000001899d576240 DEOPT PACKING pc=0x00000189ad39e6d4 sp=0x000000644b8fa2d0
Event: 22.008 Thread 0x000001899d576240 DEOPT UNPACKING pc=0x00000189a57de42f sp=0x000000644b8fa270 mode 2
Event: 22.008 Thread 0x000001899d576240 Uncommon trap: trap_request=0xffffff45 fr.pc=0x00000189ad39af34 relative=0x0000000000000b94
Event: 22.008 Thread 0x000001899d576240 Uncommon trap: reason=unstable_if action=reinterpret pc=0x00000189ad39af34 method=java.util.Properties$LineReader.readLine()I @ 379 c2
Event: 22.008 Thread 0x000001899d576240 DEOPT PACKING pc=0x00000189ad39af34 sp=0x000000644b8fa2d0
Event: 22.008 Thread 0x000001899d576240 DEOPT UNPACKING pc=0x00000189a57de42f sp=0x000000644b8fa278 mode 2
Event: 22.010 Thread 0x000001899d576240 Uncommon trap: trap_request=0xffffff45 fr.pc=0x00000189ad31da1c relative=0x000000000000009c
Event: 22.010 Thread 0x000001899d576240 Uncommon trap: reason=unstable_if action=reinterpret pc=0x00000189ad31da1c method=java.nio.Buffer.position(I)Ljava/nio/Buffer; @ 37 c2
Event: 22.010 Thread 0x000001899d576240 DEOPT PACKING pc=0x00000189ad31da1c sp=0x000000644b8f9f10
Event: 22.010 Thread 0x000001899d576240 DEOPT UNPACKING pc=0x00000189a57de42f sp=0x000000644b8f9e50 mode 2
Event: 22.012 Thread 0x000001899d576240 Uncommon trap: trap_request=0xffffff45 fr.pc=0x00000189ad32f21c relative=0x000000000000009c
Event: 22.012 Thread 0x000001899d576240 Uncommon trap: reason=unstable_if action=reinterpret pc=0x00000189ad32f21c method=java.nio.Buffer.position(I)Ljava/nio/Buffer; @ 37 c2
Event: 22.012 Thread 0x000001899d576240 DEOPT PACKING pc=0x00000189ad32f21c sp=0x000000644b8f9ec0
Event: 22.012 Thread 0x000001899d576240 DEOPT UNPACKING pc=0x00000189a57de42f sp=0x000000644b8f9e58 mode 2

Classes unloaded (0 events):
No events

Classes redefined (0 events):
No events

Internal exceptions (20 events):
Event: 22.317 Thread 0x000001899d576240 Exception <a 'java/lang/ClassNotFoundException'{0x0000000085cb99a8}: org/springframework/boot/autoconfigure/web/servlet/MultipartAutoConfigurationCustomizer> (0x0000000085cb99a8) 
thrown [./open/src/hotspot/share/classfile/systemDictionary.cpp, line 295]
Event: 22.325 Thread 0x000001899d576240 Exception <a 'java/lang/ClassNotFoundException'{0x0000000085cd5820}: java/lang/ObjectCustomizer> (0x0000000085cd5820) 
thrown [./open/src/hotspot/share/classfile/systemDictionary.cpp, line 295]
Event: 22.326 Thread 0x000001899d576240 Exception <a 'java/lang/ClassNotFoundException'{0x0000000085cdf1d0}: javax/servlet/MultipartConfigElementCustomizer> (0x0000000085cdf1d0) 
thrown [./open/src/hotspot/share/classfile/systemDictionary.cpp, line 295]
Event: 22.330 Thread 0x000001899d576240 Exception <a 'java/lang/ClassNotFoundException'{0x0000000085cf9660}: java/lang/ObjectCustomizer> (0x0000000085cf9660) 
thrown [./open/src/hotspot/share/classfile/systemDictionary.cpp, line 295]
Event: 22.360 Thread 0x000001899d576240 Exception <a 'java/lang/ClassNotFoundException'{0x0000000089b03a48}: org/springframework/boot/web/servlet/RegistrationBeanCustomizer> (0x0000000089b03a48) 
thrown [./open/src/hotspot/share/classfile/systemDictionary.cpp, line 295]
Event: 22.361 Thread 0x000001899d576240 Exception <a 'java/lang/ClassNotFoundException'{0x0000000089b0e998}: org/springframework/boot/web/servlet/DynamicRegistrationBeanCustomizer> (0x0000000089b0e998) 
thrown [./open/src/hotspot/share/classfile/systemDictionary.cpp, line 295]
Event: 22.362 Thread 0x000001899d576240 Exception <a 'java/lang/ClassNotFoundException'{0x0000000089b1c4d8}: org/springframework/boot/web/servlet/ServletRegistrationBeanCustomizer> (0x0000000089b1c4d8) 
thrown [./open/src/hotspot/share/classfile/systemDictionary.cpp, line 295]
Event: 22.364 Thread 0x000001899d576240 Exception <a 'java/lang/ClassNotFoundException'{0x0000000089b2e700}: org/springframework/boot/autoconfigure/web/servlet/DispatcherServletRegistrationBeanCustomizer> (0x0000000089b2e700) 
thrown [./open/src/hotspot/share/classfile/systemDictionary.cpp, line 295]
Event: 22.366 Thread 0x000001899d576240 Exception <a 'java/lang/ClassNotFoundException'{0x0000000089b49028}: org/springframework/boot/autoconfigure/web/servlet/DispatcherServletPathCustomizer> (0x0000000089b49028) 
thrown [./open/src/hotspot/share/classfile/systemDictionary.cpp, line 295]
Event: 22.366 Thread 0x000001899d576240 Exception <a 'java/lang/ClassNotFoundException'{0x0000000089b54de8}: org/springframework/boot/web/servlet/ServletContextInitializerCustomizer> (0x0000000089b54de8) 
thrown [./open/src/hotspot/share/classfile/systemDictionary.cpp, line 295]
Event: 22.369 Thread 0x000001899d576240 Exception <a 'java/lang/ClassNotFoundException'{0x0000000089b5bf28}: org/springframework/core/OrderedCustomizer> (0x0000000089b5bf28) 
thrown [./open/src/hotspot/share/classfile/systemDictionary.cpp, line 295]
Event: 22.371 Thread 0x000001899d576240 Exception <a 'java/lang/ClassNotFoundException'{0x0000000089b6f878}: java/lang/ObjectCustomizer> (0x0000000089b6f878) 
thrown [./open/src/hotspot/share/classfile/systemDictionary.cpp, line 295]
Event: 22.372 Thread 0x000001899d576240 Exception <a 'java/lang/ClassNotFoundException'{0x0000000089b79e00}: org/springframework/boot/autoconfigure/web/servlet/error/ErrorMvcAutoConfiguration$ErrorPageCustomizerCustomizer> (0x0000000089b79e00) 
thrown [./open/src/hotspot/share/classfile/systemDictionary.cpp, line 295]
Event: 22.373 Thread 0x000001899d576240 Exception <a 'java/lang/ClassNotFoundException'{0x0000000089b84aa0}: org/springframework/boot/web/server/ErrorPageRegistrarCustomizer> (0x0000000089b84aa0) 
thrown [./open/src/hotspot/share/classfile/systemDictionary.cpp, line 295]
Event: 22.373 Thread 0x000001899d576240 Exception <a 'java/lang/ClassNotFoundException'{0x0000000089b8b5e8}: org/springframework/core/OrderedCustomizer> (0x0000000089b8b5e8) 
thrown [./open/src/hotspot/share/classfile/systemDictionary.cpp, line 295]
Event: 22.378 Thread 0x000001899d576240 Exception <a 'java/lang/ClassNotFoundException'{0x0000000089bc5170}: java/lang/ObjectCustomizer> (0x0000000089bc5170) 
thrown [./open/src/hotspot/share/classfile/systemDictionary.cpp, line 295]
Event: 22.379 Thread 0x000001899d576240 Exception <a 'java/lang/ClassNotFoundException'{0x0000000089bcf438}: org/springframework/boot/autoconfigure/web/servlet/DispatcherServletAutoConfigurationCustomizer> (0x0000000089bcf438) 
thrown [./open/src/hotspot/share/classfile/systemDictionary.cpp, line 295]
Event: 22.381 Thread 0x000001899d576240 Exception <a 'java/lang/ClassNotFoundException'{0x0000000089bd6dc8}: java/lang/ObjectCustomizer> (0x0000000089bd6dc8) 
thrown [./open/src/hotspot/share/classfile/systemDictionary.cpp, line 295]
Event: 22.381 Thread 0x000001899d576240 Exception <a 'java/lang/ClassNotFoundException'{0x0000000089be0de0}: org/springframework/boot/autoconfigure/task/TaskExecutionAutoConfigurationCustomizer> (0x0000000089be0de0) 
thrown [./open/src/hotspot/share/classfile/systemDictionary.cpp, line 295]
Event: 22.385 Thread 0x000001899d576240 Exception <a 'java/lang/ClassNotFoundException'{0x0000000089bf59a0}: java/lang/ObjectCustomizer> (0x0000000089bf59a0) 
thrown [./open/src/hotspot/share/classfile/systemDictionary.cpp, line 295]

Events (20 events):
Event: 22.329 loading class java/lang/ObjectCustomizer done
Event: 22.330 Executing VM operation: G1CollectForAllocation
Event: 22.351 Executing VM operation: G1CollectForAllocation done
Event: 22.371 loading class java/lang/ObjectCustomizer
Event: 22.371 loading class java/lang/ObjectCustomizer done
Event: 22.371 loading class java/lang/ObjectCustomizer
Event: 22.371 loading class java/lang/ObjectCustomizer done
Event: 22.378 loading class java/lang/ObjectCustomizer
Event: 22.378 loading class java/lang/ObjectCustomizer done
Event: 22.378 loading class java/lang/ObjectCustomizer
Event: 22.378 loading class java/lang/ObjectCustomizer done
Event: 22.381 loading class java/lang/ObjectCustomizer
Event: 22.381 loading class java/lang/ObjectCustomizer done
Event: 22.381 loading class java/lang/ObjectCustomizer
Event: 22.381 loading class java/lang/ObjectCustomizer done
Event: 22.385 loading class java/lang/ObjectCustomizer
Event: 22.385 loading class java/lang/ObjectCustomizer done
Event: 22.385 loading class java/lang/ObjectCustomizer
Event: 22.385 loading class java/lang/ObjectCustomizer done
Event: 22.386 Executing VM operation: G1CollectForAllocation


Dynamic libraries:
0x00007ff7ba050000 - 0x00007ff7ba05f000 	C:\Program Files\Java\jdk-15.0.2\bin\java.exe
0x00007ffb71ef0000 - 0x00007ffb720dd000 	C:\Windows\SYSTEM32\ntdll.dll
0x00007ffb714e0000 - 0x00007ffb71593000 	C:\Windows\System32\KERNEL32.DLL
0x00007ffb6dfc0000 - 0x00007ffb6e253000 	C:\Windows\System32\KERNELBASE.dll
0x00007ffb6ebc0000 - 0x00007ffb6ecbc000 	C:\Windows\System32\ucrtbase.dll
0x00007ffb6ad90000 - 0x00007ffb6ada8000 	C:\Program Files\Java\jdk-15.0.2\bin\jli.dll
0x00007ffb6f590000 - 0x00007ffb6f633000 	C:\Windows\System32\ADVAPI32.dll
0x00007ffb71810000 - 0x00007ffb718ae000 	C:\Windows\System32\msvcrt.dll
0x00007ffb71770000 - 0x00007ffb7180e000 	C:\Windows\System32\sechost.dll
0x00007ffb6f450000 - 0x00007ffb6f573000 	C:\Windows\System32\RPCRT4.dll
0x00007ffb71020000 - 0x00007ffb711b7000 	C:\Windows\System32\USER32.dll
0x00007ffb6ecc0000 - 0x00007ffb6ece0000 	C:\Windows\System32\win32u.dll
0x00007ffb70f40000 - 0x00007ffb70f69000 	C:\Windows\System32\GDI32.dll
0x00007ffb6ef80000 - 0x00007ffb6f11a000 	C:\Windows\System32\gdi32full.dll
0x00007ffb6ece0000 - 0x00007ffb6ed80000 	C:\Windows\System32\msvcp_win.dll
0x00007ffb69800000 - 0x00007ffb69819000 	C:\Program Files\Java\jdk-15.0.2\bin\VCRUNTIME140.dll
0x00007ffb605c0000 - 0x00007ffb60839000 	C:\Windows\WinSxS\amd64_microsoft.windows.common-controls_6595b64144ccf1df_6.0.17763.1_none_f040600eff408c2d\COMCTL32.dll
0x00007ffb6f120000 - 0x00007ffb6f44e000 	C:\Windows\System32\combase.dll
0x00007ffb6e310000 - 0x00007ffb6e38e000 	C:\Windows\System32\bcryptPrimitives.dll
0x00007ffb697a0000 - 0x00007ffb697aa000 	C:\Windows\SYSTEM32\VERSION.dll
0x00007ffb71d30000 - 0x00007ffb71d5e000 	C:\Windows\System32\IMM32.DLL
0x00007ffb6b100000 - 0x00007ffb6b10c000 	C:\Program Files\Java\jdk-15.0.2\bin\vcruntime140_1.dll
0x00007ffb57a60000 - 0x00007ffb57af1000 	C:\Program Files\Java\jdk-15.0.2\bin\msvcp140.dll
0x00007ffb28af0000 - 0x00007ffb2964e000 	C:\Program Files\Java\jdk-15.0.2\bin\server\jvm.dll
0x00007ffb71610000 - 0x00007ffb71618000 	C:\Windows\System32\PSAPI.DLL
0x00007ffb633f0000 - 0x00007ffb633f9000 	C:\Windows\SYSTEM32\WSOCK32.dll
0x00007ffb715a0000 - 0x00007ffb7160d000 	C:\Windows\System32\WS2_32.dll
0x00007ffb6b710000 - 0x00007ffb6b734000 	C:\Windows\SYSTEM32\WINMM.dll
0x00007ffb6b6b0000 - 0x00007ffb6b6dd000 	C:\Windows\SYSTEM32\WINMMBASE.dll
0x00007ffb6e2c0000 - 0x00007ffb6e30a000 	C:\Windows\System32\cfgmgr32.dll
0x00007ffb6def0000 - 0x00007ffb6df01000 	C:\Windows\System32\kernel.appcore.dll
0x00007ffb69bd0000 - 0x00007ffb69bda000 	C:\Program Files\Java\jdk-15.0.2\bin\jimage.dll
0x00007ffb6c8a0000 - 0x00007ffb6ca8d000 	C:\Windows\SYSTEM32\DBGHELP.DLL
0x00007ffb5df40000 - 0x00007ffb5df6a000 	C:\Windows\SYSTEM32\dbgcore.DLL
0x00007ffb60580000 - 0x00007ffb6058e000 	C:\Program Files\Java\jdk-15.0.2\bin\instrument.dll
0x00007ffb5ee00000 - 0x00007ffb5ee25000 	C:\Program Files\Java\jdk-15.0.2\bin\java.dll
0x00007ffb6f770000 - 0x00007ffb70c5f000 	C:\Windows\System32\SHELL32.dll
0x00007ffb70f70000 - 0x00007ffb71018000 	C:\Windows\System32\shcore.dll
0x00007ffb6e3c0000 - 0x00007ffb6eb08000 	C:\Windows\System32\windows.storage.dll
0x00007ffb6df90000 - 0x00007ffb6dfb4000 	C:\Windows\System32\profapi.dll
0x00007ffb6df10000 - 0x00007ffb6df6d000 	C:\Windows\System32\powrprof.dll
0x00007ffb70cd0000 - 0x00007ffb70d22000 	C:\Windows\System32\shlwapi.dll
0x00007ffb6ef60000 - 0x00007ffb6ef77000 	C:\Windows\System32\cryptsp.dll
0x00007ffb5edc0000 - 0x00007ffb5edd8000 	C:\Program Files\Java\jdk-15.0.2\bin\zip.dll
0x00007ffb697e0000 - 0x00007ffb697f9000 	C:\Program Files\Java\jdk-15.0.2\bin\net.dll
0x00007ffb646f0000 - 0x00007ffb647e1000 	C:\Windows\SYSTEM32\WINHTTP.dll
0x00007ffb6d780000 - 0x00007ffb6d7e7000 	C:\Windows\system32\mswsock.dll
0x00007ffb5ede0000 - 0x00007ffb5edf2000 	C:\Program Files\Java\jdk-15.0.2\bin\nio.dll
0x00007ffb5ed70000 - 0x00007ffb5ed8a000 	D:\Programas\IntelliJ IDEA 2021.1\bin\breakgen64.dll
0x00007ffb60a70000 - 0x00007ffb60a80000 	C:\Program Files\Java\jdk-15.0.2\bin\verify.dll
0x00007ffb5ed60000 - 0x00007ffb5ed69000 	C:\Program Files\Java\jdk-15.0.2\bin\management.dll
0x00007ffb5dd80000 - 0x00007ffb5dd8b000 	C:\Program Files\Java\jdk-15.0.2\bin\management_ext.dll
0x00007ffb60560000 - 0x00007ffb60576000 	C:\Windows\system32\napinsp.dll
0x00007ffb5dd50000 - 0x00007ffb5dd6a000 	C:\Windows\system32\pnrpnsp.dll
0x00007ffb6d520000 - 0x00007ffb6d5e6000 	C:\Windows\SYSTEM32\DNSAPI.dll
0x00007ffb6f580000 - 0x00007ffb6f588000 	C:\Windows\System32\NSI.dll
0x00007ffb6d4e0000 - 0x00007ffb6d51d000 	C:\Windows\SYSTEM32\IPHLPAPI.DLL
0x00007ffb6ad80000 - 0x00007ffb6ad8e000 	C:\Windows\System32\winrnr.dll
0x00007ffb6b6f0000 - 0x00007ffb6b70b000 	C:\Windows\system32\NLAapi.dll
0x00007ffb508a0000 - 0x00007ffb508b5000 	C:\Windows\system32\wshbth.dll
0x00007ffb66110000 - 0x00007ffb6611a000 	C:\Windows\System32\rasadhlp.dll
0x00007ffb670b0000 - 0x00007ffb67129000 	C:\Windows\System32\fwpuclnt.dll
0x00007ffb6e390000 - 0x00007ffb6e3b6000 	C:\Windows\System32\bcrypt.dll
0x00007ffb6d340000 - 0x00007ffb6d373000 	C:\Windows\system32\rsaenh.dll
0x00007ffb6de20000 - 0x00007ffb6de48000 	C:\Windows\SYSTEM32\USERENV.dll
0x00007ffb6d950000 - 0x00007ffb6d95c000 	C:\Windows\SYSTEM32\CRYPTBASE.dll
0x00007ffb68860000 - 0x00007ffb68876000 	C:\Windows\SYSTEM32\dhcpcsvc6.DLL
0x00007ffb68790000 - 0x00007ffb687ac000 	C:\Windows\SYSTEM32\dhcpcsvc.DLL

dbghelp: loaded successfully - version: 4.0.5 - missing functions: none
symbol engine: initialized successfully - sym options: 0x614 - pdb path: .;C:\Program Files\Java\jdk-15.0.2\bin;C:\Windows\SYSTEM32;C:\Windows\WinSxS\amd64_microsoft.windows.common-controls_6595b64144ccf1df_6.0.17763.1_none_f040600eff408c2d;C:\Program Files\Java\jdk-15.0.2\bin\server;D:\Programas\IntelliJ IDEA 2021.1\bin

VM Arguments:
jvm_args: -ea -Didea.test.cyclic.buffer.size=1048576 -javaagent:D:\Programas\IntelliJ IDEA 2021.1\lib\idea_rt.jar=60881:D:\Programas\IntelliJ IDEA 2021.1\bin -Dfile.encoding=UTF-8 
java_command: com.intellij.rt.junit.JUnitStarter -ideVersion5 -junit5 businessDelegate_Test.BusinessDelegateTest
java_class_path (initial): D:\Programas\IntelliJ IDEA 2021.1\lib\idea_rt.jar;C:\Users\Equipo\.m2\repository\org\junit\platform\junit-platform-launcher\1.7.1\junit-platform-launcher-1.7.1.jar;D:\Programas\IntelliJ IDEA 2021.1\plugins\junit\lib\junit5-rt.jar;D:\Programas\IntelliJ IDEA 2021.1\plugins\junit\lib\junit-rt.jar;C:\Users\Equipo\Desktop\Universidad\SEMESTRE 7\Computación en Internet\tallerfinal\web-app-with-authentication\target\test-classes;C:\Users\Equipo\Desktop\Universidad\SEMESTRE 7\Computación en Internet\tallerfinal\web-app-with-authentication\target\classes;C:\Users\Equipo\.m2\repository\org\springframework\boot\spring-boot-starter\2.4.4\spring-boot-starter-2.4.4.jar;C:\Users\Equipo\.m2\repository\org\springframework\boot\spring-boot\2.4.4\spring-boot-2.4.4.jar;C:\Users\Equipo\.m2\repository\org\springframework\spring-context\5.3.5\spring-context-5.3.5.jar;C:\Users\Equipo\.m2\repository\org\springframework\boot\spring-boot-autoconfigure\2.4.4\spring-boot-autoconfigure-2.4.4.jar;C:\Users\Equipo\.m2\repository\org\springframework\boot\spring-boot-starter-logging\2.4.4\spring-boot-starter-logging-2.4.4.jar;C:\Users\Equipo\.m2\repository\ch\qos\logback\logback-classic\1.2.3\logback-classic-1.2.3.jar;C:\Users\Equipo\.m2\repository\ch\qos\logback\logback-core\1.2.3\logback-core-1.2.3.jar;C:\Users\Equipo\.m2\repository\org\apache\logging\log4j\log4j-to-slf4j\2.13.3\log4j-to-slf4j-2.13.3.jar;C:\Users\Equipo\.m2\repository\org\apache\logging\log4j\log4j-api\2.13.3\log4j-api-2.13.3.jar;C:\Users\Equipo\.m2\repository\org\slf4j\jul-to-slf4j\1.7.30\jul-to-slf4j-1.7.30.jar;C:\Users\Equipo\.m2\repository\jakarta\annotation\jakarta.annotation-api\1.3.5\jakarta.annotation-api-1.3.5.jar;C:\Users\Equipo\.m2\repository\org\springframework\spring-core\5.3.5\spring-core-5.3.5.jar;C:\Users\Equipo\.m2\repository\org\springframework\spring-jcl\5.3.5\spring-jcl-5.3.5.jar;C:\Users\Equipo\.m2\repository\org\yaml\snakeyaml\1.27\snakeyaml-1.27.jar;C:\Users\Equipo\.m2\repository\
Launcher Type: SUN_STANDARD

[Global flags]
     intx CICompilerCount                          = 3                                         {product} {ergonomic}
     uint ConcGCThreads                            = 1                                         {product} {ergonomic}
     uint G1ConcRefinementThreads                  = 4                                         {product} {ergonomic}
   size_t G1HeapRegionSize                         = 1048576                                   {product} {ergonomic}
    uintx GCDrainStackTargetSize                   = 64                                        {product} {ergonomic}
   size_t InitialHeapSize                          = 134217728                                 {product} {ergonomic}
   size_t MarkStackSize                            = 4194304                                   {product} {ergonomic}
   size_t MaxHeapSize                              = 2118123520                                {product} {ergonomic}
   size_t MaxNewSize                               = 1270874112                                {product} {ergonomic}
   size_t MinHeapDeltaBytes                        = 1048576                                   {product} {ergonomic}
   size_t MinHeapSize                              = 8388608                                   {product} {ergonomic}
    uintx NonNMethodCodeHeapSize                   = 5832780                                {pd product} {ergonomic}
    uintx NonProfiledCodeHeapSize                  = 122912730                              {pd product} {ergonomic}
    uintx ProfiledCodeHeapSize                     = 122912730                              {pd product} {ergonomic}
    uintx ReservedCodeCacheSize                    = 251658240                              {pd product} {ergonomic}
     bool SegmentedCodeCache                       = true                                      {product} {ergonomic}
   size_t SoftMaxHeapSize                          = 2118123520                             {manageable} {ergonomic}
     bool UseCompressedClassPointers               = true                                 {lp64_product} {ergonomic}
     bool UseCompressedOops                        = true                                 {lp64_product} {ergonomic}
     bool UseG1GC                                  = true                                      {product} {ergonomic}
     bool UseLargePagesIndividualAllocation        = false                                  {pd product} {ergonomic}

Logging:
Log output configuration:
 #0: stdout all=warning uptime,level,tags
 #1: stderr all=off uptime,level,tags

Environment Variables:
JAVA_HOME=C:\Program Files\Java\jdk1.6.0_23
PATH=C:\Python39\Scripts\;C:\Python39\;C:\Program Files (x86)\Common Files\Oracle\Java\javapath;C:\Program Files\Common Files\Oracle\Java\javapath;C:\Windows\system32;C:\Windows;C:\Windows\System32\Wbem;C:\Windows\System32\WindowsPowerShell\v1.0\;C:\Windows\System32\OpenSSH\;C:\Program Files (x86)\NVIDIA Corporation\PhysX\Common;D:\Programas\Git\Git\cmd;C:\Program Files\dotnet\;C:\Gradle\gradle-6.7.1\bin;C:\Program Files\Java\jdk1.6.0_23\bin;C:\Program Files (x86)\ZeroTier\One\;C:\Program Files\Java\jdk1.6.0_23\bin;C:\Program Data\Orcale\Java\javapath;C:\Program Files\frascati-runtime-1.4\bin;D:\Programas\Node\;C:\ProgramData\chocolatey\bin;C:\Users\Equipo\AppData\Local\Microsoft\WindowsApps;C:\Users\Equipo\.dotnet\tools;D:\Programas\Microsoft VS Code\bin;D:\Programas\IntelliJ IDEA Community Edition 2020.2.4\bin;D:\Programas\PyCharm Community Edition 2020.3.3\bin;C:\Users\Equipo\AppData\Local\gitkraken\bin;C:\Users\Equipo\.dotnet\tools;D:\Programas\IntelliJ IDEA 2021.1\bin;;C:\Users\Equipo\AppData\Roaming\npm;
USERNAME=Felipe
OS=Windows_NT
PROCESSOR_IDENTIFIER=Intel64 Family 6 Model 142 Stepping 9, GenuineIntel



---------------  S Y S T E M  ---------------

OS:
 Windows 10 , 64 bit Build 17763 (10.0.17763.1)
OS uptime: 0 days 13:34 hours

CPU: total 4 (initial active 4) (2 cores per cpu, 2 threads per core) family 6 model 142 stepping 9 microcode 0x8e, cmov, cx8, fxsr, mmx, sse, sse2, sse3, ssse3, sse4.1, sse4.2, popcnt, vzeroupper, avx, avx2, aes, clmul, erms, 3dnowpref, lzcnt, ht, tsc, tscinvbit, bmi1, bmi2, adx, fma, clflush, clflushopt

Memory: 4k page, system-wide physical 8073M (1876M free)
TotalPageFile size 9097M (AvailPageFile size 25M)
current process WorkingSet (physical memory assigned to process): 294M, peak: 295M
current process commit charge ("private bytes"): 327M, peak: 351M

vm_info: Java HotSpot(TM) 64-Bit Server VM (15.0.2+7-27) for windows-amd64 JRE (15.0.2+7-27), built on Dec  7 2020 20:07:01 by "mach5one" with unknown MS VC++:1925

END.
