#
# There is insufficient memory for the Java Runtime Environment to continue.
# Native memory allocation (malloc) failed to allocate 1968976 bytes for Chunk::new
# Possible reasons:
#   The system is out of physical RAM or swap space
#   The process is running with CompressedOops enabled, and the Java Heap may be blocking the growth of the native heap
# Possible solutions:
#   Reduce memory load on the system
#   Increase physical memory or swap space
#   Check if swap backing store is full
#   Decrease Java heap size (-Xmx/-Xms)
#   Decrease number of Java threads
#   Decrease Java thread stack sizes (-Xss)
#   Set larger code cache with -XX:ReservedCodeCacheSize=
#   JVM is running with Unscaled Compressed Oops mode in which the Java heap is
#     placed in the first 4GB address space. The Java Heap base address is the
#     maximum limit for the native heap growth. Please use -XX:HeapBaseMinAddress
#     to set the Java Heap base and to place the Java Heap above 4GB virtual address.
# This output file may be truncated or incomplete.
#
#  Out of Memory Error (./open/src/hotspot/share/memory/arena.cpp:195), pid=5984, tid=8484
#
# JRE version: Java(TM) SE Runtime Environment (15.0.2+7) (build 15.0.2+7-27)
# Java VM: Java HotSpot(TM) 64-Bit Server VM (15.0.2+7-27, mixed mode, sharing, tiered, compressed oops, g1 gc, windows-amd64)
# No core dump will be written. Minidumps are not enabled by default on client versions of Windows
#

---------------  S U M M A R Y ------------

Command Line: -ea -Didea.test.cyclic.buffer.size=1048576 -javaagent:D:\Programas\IntelliJ IDEA 2021.1\lib\idea_rt.jar=50594:D:\Programas\IntelliJ IDEA 2021.1\bin -Dfile.encoding=UTF-8 com.intellij.rt.junit.JUnitStarter -ideVersion5 -junit5 businessDelegate_Test.BusinessDelegateTest,findAllLocalconditionsByThreshold_test

Host: Intel(R) Core(TM) i5-7200U CPU @ 2.50GHz, 4 cores, 7G,  Windows 10 , 64 bit Build 17763 (10.0.17763.1)
Time: Thu Jun 17 23:54:38 2021 Hora est. Pacífico, Sudamérica elapsed time: 24.268451 seconds (0d 0h 0m 24s)

---------------  T H R E A D  ---------------

Current thread (0x00000208be65fea0):  JavaThread "C2 CompilerThread0" daemon [_thread_in_native, id=8484, stack(0x00000068c2b00000,0x00000068c2c00000)]


Current CompileTask:
C2:  24268 10111   !   4       org.springframework.util.ReflectionUtils::doWithMethods (193 bytes)

Stack: [0x00000068c2b00000,0x00000068c2c00000]
Native frames: (J=compiled Java code, j=interpreted, Vv=VM code, C=native code)
V  [jvm.dll+0x62ae9a]
V  [jvm.dll+0x7817a9]
V  [jvm.dll+0x782f03]
V  [jvm.dll+0x783563]
V  [jvm.dll+0x216325]
V  [jvm.dll+0x97f3a]
V  [jvm.dll+0x9861c]
V  [jvm.dll+0x32e305]
V  [jvm.dll+0x18e1ba]
V  [jvm.dll+0x1ea822]
V  [jvm.dll+0x1e996e]
V  [jvm.dll+0x178567]
V  [jvm.dll+0x1f9225]
V  [jvm.dll+0x1f72cc]
V  [jvm.dll+0x74495d]
V  [jvm.dll+0x73d75a]
V  [jvm.dll+0x629c56]
C  [ucrtbase.dll+0x203ba]
C  [KERNEL32.DLL+0x17e94]
C  [ntdll.dll+0x67ad1]


---------------  P R O C E S S  ---------------

Threads class SMR info:
_java_thread_list=0x00000208c4458cd0, length=14, elements={
0x00000208a0436070, 0x00000208be643040, 0x00000208be644c20, 0x00000208be658c70,
0x00000208be65d550, 0x00000208be65f010, 0x00000208be65fea0, 0x00000208be662950,
0x00000208be663f00, 0x00000208be621c20, 0x00000208bf0d22c0, 0x00000208bf12b180,
0x00000208c02e8520, 0x00000208c027e360
}

Java Threads: ( => current thread )
  0x00000208a0436070 JavaThread "main" [_thread_in_Java, id=8408, stack(0x00000068c1f00000,0x00000068c2000000)]
  0x00000208be643040 JavaThread "Reference Handler" daemon [_thread_blocked, id=8308, stack(0x00000068c2600000,0x00000068c2700000)]
  0x00000208be644c20 JavaThread "Finalizer" daemon [_thread_blocked, id=4312, stack(0x00000068c2700000,0x00000068c2800000)]
  0x00000208be658c70 JavaThread "Signal Dispatcher" daemon [_thread_blocked, id=4620, stack(0x00000068c2800000,0x00000068c2900000)]
  0x00000208be65d550 JavaThread "Attach Listener" daemon [_thread_blocked, id=8156, stack(0x00000068c2900000,0x00000068c2a00000)]
  0x00000208be65f010 JavaThread "Service Thread" daemon [_thread_blocked, id=9772, stack(0x00000068c2a00000,0x00000068c2b00000)]
=>0x00000208be65fea0 JavaThread "C2 CompilerThread0" daemon [_thread_in_native, id=8484, stack(0x00000068c2b00000,0x00000068c2c00000)]
  0x00000208be662950 JavaThread "C1 CompilerThread0" daemon [_thread_blocked, id=7116, stack(0x00000068c2c00000,0x00000068c2d00000)]
  0x00000208be663f00 JavaThread "Sweeper thread" daemon [_thread_blocked, id=8528, stack(0x00000068c2d00000,0x00000068c2e00000)]
  0x00000208be621c20 JavaThread "Common-Cleaner" daemon [_thread_blocked, id=8732, stack(0x00000068c2e00000,0x00000068c2f00000)]
  0x00000208bf0d22c0 JavaThread "Monitor Ctrl-Break" daemon [_thread_in_native, id=9496, stack(0x00000068c2f00000,0x00000068c3000000)]
  0x00000208bf12b180 JavaThread "Notification Thread" daemon [_thread_blocked, id=4148, stack(0x00000068c3000000,0x00000068c3100000)]
  0x00000208c02e8520 JavaThread "HikariPool-1 housekeeper" daemon [_thread_blocked, id=1584, stack(0x00000068c3600000,0x00000068c3700000)]
  0x00000208c027e360 JavaThread "C2 CompilerThread1" daemon [_thread_in_native, id=856, stack(0x00000068c3500000,0x00000068c3600000)]

Other Threads:
  0x00000208be63c060 VMThread "VM Thread" [stack: 0x00000068c2500000,0x00000068c2600000] [id=8236]
  0x00000208bf0d2790 WatcherThread [stack: 0x00000068c3100000,0x00000068c3200000] [id=4584]
  0x00000208a0477280 GCTaskThread "GC Thread#0" [stack: 0x00000068c2000000,0x00000068c2100000] [id=8712]
  0x00000208bf8359a0 GCTaskThread "GC Thread#1" [stack: 0x00000068c3200000,0x00000068c3300000] [id=3368]
  0x00000208bf836000 GCTaskThread "GC Thread#2" [stack: 0x00000068c3300000,0x00000068c3400000] [id=5692]
  0x00000208bf837980 GCTaskThread "GC Thread#3" [stack: 0x00000068c3700000,0x00000068c3800000] [id=336]
  0x00000208a0489060 ConcurrentGCThread "G1 Main Marker" [stack: 0x00000068c2100000,0x00000068c2200000] [id=1548]
  0x00000208a048ac60 ConcurrentGCThread "G1 Conc#0" [stack: 0x00000068c2200000,0x00000068c2300000] [id=888]
  0x00000208a04eeab0 ConcurrentGCThread "G1 Refine#0" [stack: 0x00000068c2300000,0x00000068c2400000] [id=408]
  0x00000208bfa0e0c0 ConcurrentGCThread "G1 Refine#1" [stack: 0x00000068c3400000,0x00000068c3500000] [id=10108]
  0x00000208be4b2850 ConcurrentGCThread "G1 Young RemSet Sampling" [stack: 0x00000068c2400000,0x00000068c2500000] [id=5760]

Threads with active compile tasks:
C2 CompilerThread0    24310 10111   !   4       org.springframework.util.ReflectionUtils::doWithMethods (193 bytes)
C2 CompilerThread1    24310 10061       4       org.springframework.core.annotation.TypeMappedAnnotations$MergedAnnotationFinder::doWithAnnotations (75 bytes)

VM state: not at safepoint (normal execution)

VM Mutex/Monitor currently owned by a thread: None

Heap address: 0x0000000081c00000, size: 2020 MB, Compressed Oops mode: 32-bit
CDS archive(s) mapped at: [0x0000000800000000-0x0000000800b50000-0x0000000800b50000), size 11862016, SharedBaseAddress: 0x0000000800000000, ArchiveRelocationMode: 0.
Compressed class space mapped at: 0x0000000800b50000-0x0000000840b50000, size: 1073741824
Narrow klass base: 0x0000000800000000, Narrow klass shift: 3, Narrow klass range: 0x100000000

GC Precious Log:
 CPUs: 4 total, 4 available
 Memory: 8073M
 Large Page Support: Disabled
 NUMA Support: Disabled
 Compressed Oops: Enabled (32-bit)
 Heap Region Size: 1M
 Heap Min Capacity: 8M
 Heap Initial Capacity: 128M
 Heap Max Capacity: 2020M
 Pre-touch: Disabled
 Parallel Workers: 4
 Concurrent Workers: 1
 Concurrent Refinement Workers: 4
 Periodic GC: Disabled

Heap:
 garbage-first heap   total 131072K, used 62017K [0x0000000081c00000, 0x0000000100000000)
  region size 1024K, 7 young (7168K), 3 survivors (3072K)
 Metaspace       used 67024K, capacity 67763K, committed 67868K, reserved 1107968K
  class space    used 8508K, capacity 8727K, committed 8828K, reserved 1048576K

Heap Regions: E=young(eden), S=young(survivor), O=old, HS=humongous(starts), HC=humongous(continues), CS=collection set, F=free, OA=open archive, CA=closed archive, TAMS=top-at-mark-start (previous, next)
|   0|0x0000000081c00000, 0x0000000081d00000, 0x0000000081d00000|100%|HS|  |TAMS 0x0000000081d00000, 0x0000000081c00000| Complete 
|   1|0x0000000081d00000, 0x0000000081e00000, 0x0000000081e00000|100%| O|  |TAMS 0x0000000081e00000, 0x0000000081d00000| Updating 
|   2|0x0000000081e00000, 0x0000000081f00000, 0x0000000081f00000|100%| O|  |TAMS 0x0000000081f00000, 0x0000000081e00000| Updating 
|   3|0x0000000081f00000, 0x0000000082000000, 0x0000000082000000|100%| O|  |TAMS 0x0000000082000000, 0x0000000081f00000| Updating 
|   4|0x0000000082000000, 0x0000000082100000, 0x0000000082100000|100%| O|  |TAMS 0x0000000082100000, 0x0000000082000000| Updating 
|   5|0x0000000082100000, 0x0000000082200000, 0x0000000082200000|100%| O|  |TAMS 0x0000000082200000, 0x0000000082100000| Updating 
|   6|0x0000000082200000, 0x0000000082300000, 0x0000000082300000|100%| O|  |TAMS 0x0000000082300000, 0x0000000082200000| Updating 
|   7|0x0000000082300000, 0x0000000082361200, 0x0000000082400000| 37%| O|  |TAMS 0x0000000082361200, 0x0000000082300000| Updating 
|   8|0x0000000082400000, 0x0000000082500000, 0x0000000082500000|100%| O|  |TAMS 0x0000000082500000, 0x0000000082400000| Updating 
|   9|0x0000000082500000, 0x0000000082600000, 0x0000000082600000|100%| O|  |TAMS 0x0000000082600000, 0x0000000082500000| Updating 
|  10|0x0000000082600000, 0x0000000082700000, 0x0000000082700000|100%| O|  |TAMS 0x0000000082700000, 0x0000000082600000| Updating 
|  11|0x0000000082700000, 0x0000000082800000, 0x0000000082800000|100%| O|  |TAMS 0x0000000082800000, 0x0000000082700000| Updating 
|  12|0x0000000082800000, 0x0000000082900000, 0x0000000082900000|100%| O|  |TAMS 0x0000000082900000, 0x0000000082800000| Updating 
|  13|0x0000000082900000, 0x0000000082a00000, 0x0000000082a00000|100%| O|  |TAMS 0x0000000082a00000, 0x0000000082900000| Updating 
|  14|0x0000000082a00000, 0x0000000082b00000, 0x0000000082b00000|100%| O|  |TAMS 0x0000000082b00000, 0x0000000082a00000| Updating 
|  15|0x0000000082b00000, 0x0000000082c00000, 0x0000000082c00000|100%| O|  |TAMS 0x0000000082c00000, 0x0000000082b00000| Updating 
|  16|0x0000000082c00000, 0x0000000082d00000, 0x0000000082d00000|100%| O|  |TAMS 0x0000000082d00000, 0x0000000082c00000| Updating 
|  17|0x0000000082d00000, 0x0000000082e00000, 0x0000000082e00000|100%| O|  |TAMS 0x0000000082e00000, 0x0000000082d00000| Updating 
|  18|0x0000000082e00000, 0x0000000082f00000, 0x0000000082f00000|100%| O|  |TAMS 0x0000000082f00000, 0x0000000082e00000| Updating 
|  19|0x0000000082f00000, 0x0000000083000000, 0x0000000083000000|100%| O|  |TAMS 0x0000000083000000, 0x0000000082f00000| Updating 
|  20|0x0000000083000000, 0x0000000083100000, 0x0000000083100000|100%| O|  |TAMS 0x0000000083100000, 0x0000000083000000| Updating 
|  21|0x0000000083100000, 0x0000000083200000, 0x0000000083200000|100%| O|  |TAMS 0x0000000083200000, 0x0000000083100000| Updating 
|  22|0x0000000083200000, 0x0000000083300000, 0x0000000083300000|100%| O|  |TAMS 0x0000000083300000, 0x0000000083200000| Updating 
|  23|0x0000000083300000, 0x0000000083400000, 0x0000000083400000|100%| O|  |TAMS 0x0000000083400000, 0x0000000083300000| Updating 
|  24|0x0000000083400000, 0x0000000083500000, 0x0000000083500000|100%| O|  |TAMS 0x0000000083500000, 0x0000000083400000| Updating 
|  25|0x0000000083500000, 0x0000000083600000, 0x0000000083600000|100%| O|  |TAMS 0x0000000083600000, 0x0000000083500000| Updating 
|  26|0x0000000083600000, 0x0000000083700000, 0x0000000083700000|100%| O|  |TAMS 0x0000000083700000, 0x0000000083600000| Updating 
|  27|0x0000000083700000, 0x0000000083800000, 0x0000000083800000|100%| O|  |TAMS 0x0000000083800000, 0x0000000083700000| Updating 
|  28|0x0000000083800000, 0x0000000083900000, 0x0000000083900000|100%| O|  |TAMS 0x0000000083900000, 0x0000000083800000| Updating 
|  29|0x0000000083900000, 0x0000000083a00000, 0x0000000083a00000|100%| O|  |TAMS 0x0000000083a00000, 0x0000000083900000| Updating 
|  30|0x0000000083a00000, 0x0000000083b00000, 0x0000000083b00000|100%| O|  |TAMS 0x0000000083b00000, 0x0000000083a00000| Updating 
|  31|0x0000000083b00000, 0x0000000083c00000, 0x0000000083c00000|100%| O|  |TAMS 0x0000000083c00000, 0x0000000083b00000| Updating 
|  32|0x0000000083c00000, 0x0000000083d00000, 0x0000000083d00000|100%| O|  |TAMS 0x0000000083d00000, 0x0000000083c00000| Updating 
|  33|0x0000000083d00000, 0x0000000083e00000, 0x0000000083e00000|100%| O|  |TAMS 0x0000000083e00000, 0x0000000083d00000| Updating 
|  34|0x0000000083e00000, 0x0000000083f00000, 0x0000000083f00000|100%| O|  |TAMS 0x0000000083f00000, 0x0000000083e00000| Updating 
|  35|0x0000000083f00000, 0x0000000084000000, 0x0000000084000000|100%| O|  |TAMS 0x0000000084000000, 0x0000000083f00000| Updating 
|  36|0x0000000084000000, 0x0000000084100000, 0x0000000084100000|100%| O|  |TAMS 0x0000000084100000, 0x0000000084000000| Updating 
|  37|0x0000000084100000, 0x0000000084200000, 0x0000000084200000|100%| O|  |TAMS 0x0000000084200000, 0x0000000084100000| Updating 
|  38|0x0000000084200000, 0x0000000084300000, 0x0000000084300000|100%| O|  |TAMS 0x0000000084300000, 0x0000000084200000| Updating 
|  39|0x0000000084300000, 0x0000000084400000, 0x0000000084400000|100%| O|  |TAMS 0x0000000084400000, 0x0000000084300000| Updating 
|  40|0x0000000084400000, 0x0000000084500000, 0x0000000084500000|100%| O|  |TAMS 0x0000000084500000, 0x0000000084400000| Updating 
|  41|0x0000000084500000, 0x0000000084600000, 0x0000000084600000|100%| O|  |TAMS 0x0000000084600000, 0x0000000084500000| Updating 
|  42|0x0000000084600000, 0x0000000084700000, 0x0000000084700000|100%| O|  |TAMS 0x0000000084700000, 0x0000000084600000| Updating 
|  43|0x0000000084700000, 0x0000000084800000, 0x0000000084800000|100%| O|  |TAMS 0x0000000084800000, 0x0000000084700000| Updating 
|  44|0x0000000084800000, 0x0000000084900000, 0x0000000084900000|100%| O|  |TAMS 0x0000000084900000, 0x0000000084800000| Updating 
|  45|0x0000000084900000, 0x0000000084a00000, 0x0000000084a00000|100%| O|  |TAMS 0x0000000084a00000, 0x0000000084900000| Updating 
|  46|0x0000000084a00000, 0x0000000084b00000, 0x0000000084b00000|100%| O|  |TAMS 0x0000000084b00000, 0x0000000084a00000| Updating 
|  47|0x0000000084b00000, 0x0000000084c00000, 0x0000000084c00000|100%| O|  |TAMS 0x0000000084c00000, 0x0000000084b00000| Updating 
|  48|0x0000000084c00000, 0x0000000084d00000, 0x0000000084d00000|100%| O|  |TAMS 0x0000000084d00000, 0x0000000084c00000| Updating 
|  49|0x0000000084d00000, 0x0000000084e00000, 0x0000000084e00000|100%| O|  |TAMS 0x0000000084e00000, 0x0000000084d00000| Updating 
|  50|0x0000000084e00000, 0x0000000084f00000, 0x0000000084f00000|100%| O|  |TAMS 0x0000000084f00000, 0x0000000084e00000| Updating 
|  51|0x0000000084f00000, 0x0000000085000000, 0x0000000085000000|100%| O|  |TAMS 0x0000000085000000, 0x0000000084f00000| Updating 
|  52|0x0000000085000000, 0x0000000085100000, 0x0000000085100000|100%| O|  |TAMS 0x0000000085100000, 0x0000000085000000| Updating 
|  53|0x0000000085100000, 0x0000000085200000, 0x0000000085200000|100%| O|  |TAMS 0x0000000085158600, 0x0000000085100000| Updating 
|  54|0x0000000085200000, 0x0000000085300000, 0x0000000085300000|100%| O|  |TAMS 0x0000000085200000, 0x0000000085200000| Untracked 
|  55|0x0000000085300000, 0x00000000853a1800, 0x0000000085400000| 63%| O|  |TAMS 0x0000000085300000, 0x0000000085300000| Updating 
|  56|0x0000000085400000, 0x0000000085400000, 0x0000000085500000|  0%| F|  |TAMS 0x0000000085400000, 0x0000000085400000| Untracked 
|  57|0x0000000085500000, 0x0000000085500000, 0x0000000085600000|  0%| F|  |TAMS 0x0000000085500000, 0x0000000085500000| Untracked 
|  58|0x0000000085600000, 0x0000000085600000, 0x0000000085700000|  0%| F|  |TAMS 0x0000000085600000, 0x0000000085600000| Untracked 
|  59|0x0000000085700000, 0x0000000085700000, 0x0000000085800000|  0%| F|  |TAMS 0x0000000085700000, 0x0000000085700000| Untracked 
|  60|0x0000000085800000, 0x0000000085800000, 0x0000000085900000|  0%| F|  |TAMS 0x0000000085800000, 0x0000000085800000| Untracked 
|  61|0x0000000085900000, 0x0000000085900000, 0x0000000085a00000|  0%| F|  |TAMS 0x0000000085900000, 0x0000000085900000| Untracked 
|  62|0x0000000085a00000, 0x0000000085a00000, 0x0000000085b00000|  0%| F|  |TAMS 0x0000000085a00000, 0x0000000085a00000| Untracked 
|  63|0x0000000085b00000, 0x0000000085b00000, 0x0000000085c00000|  0%| F|  |TAMS 0x0000000085b00000, 0x0000000085b00000| Untracked 
|  64|0x0000000085c00000, 0x0000000085c00000, 0x0000000085d00000|  0%| F|  |TAMS 0x0000000085c00000, 0x0000000085c00000| Untracked 
|  65|0x0000000085d00000, 0x0000000085d00000, 0x0000000085e00000|  0%| F|  |TAMS 0x0000000085d00000, 0x0000000085d00000| Untracked 
|  66|0x0000000085e00000, 0x0000000085e00000, 0x0000000085f00000|  0%| F|  |TAMS 0x0000000085e00000, 0x0000000085e00000| Untracked 
|  67|0x0000000085f00000, 0x0000000085f00000, 0x0000000086000000|  0%| F|  |TAMS 0x0000000085f00000, 0x0000000085f00000| Untracked 
|  68|0x0000000086000000, 0x0000000086000000, 0x0000000086100000|  0%| F|  |TAMS 0x0000000086000000, 0x0000000086000000| Untracked 
|  69|0x0000000086100000, 0x000000008618dc90, 0x0000000086200000| 55%| S|CS|TAMS 0x0000000086100000, 0x0000000086100000| Complete 
|  70|0x0000000086200000, 0x0000000086200000, 0x0000000086300000|  0%| F|  |TAMS 0x0000000086200000, 0x0000000086200000| Untracked 
|  71|0x0000000086300000, 0x0000000086300000, 0x0000000086400000|  0%| F|  |TAMS 0x0000000086300000, 0x0000000086300000| Untracked 
|  72|0x0000000086400000, 0x0000000086400000, 0x0000000086500000|  0%| F|  |TAMS 0x0000000086400000, 0x0000000086400000| Untracked 
|  73|0x0000000086500000, 0x0000000086600000, 0x0000000086600000|100%| S|CS|TAMS 0x0000000086500000, 0x0000000086500000| Complete 
|  74|0x0000000086600000, 0x0000000086700000, 0x0000000086700000|100%| S|CS|TAMS 0x0000000086600000, 0x0000000086600000| Complete 
|  75|0x0000000086700000, 0x0000000086700000, 0x0000000086800000|  0%| F|  |TAMS 0x0000000086700000, 0x0000000086700000| Untracked 
|  76|0x0000000086800000, 0x0000000086800000, 0x0000000086900000|  0%| F|  |TAMS 0x0000000086800000, 0x0000000086800000| Untracked 
|  77|0x0000000086900000, 0x0000000086900000, 0x0000000086a00000|  0%| F|  |TAMS 0x0000000086900000, 0x0000000086900000| Untracked 
|  78|0x0000000086a00000, 0x0000000086a00000, 0x0000000086b00000|  0%| F|  |TAMS 0x0000000086a00000, 0x0000000086a00000| Untracked 
|  79|0x0000000086b00000, 0x0000000086b00000, 0x0000000086c00000|  0%| F|  |TAMS 0x0000000086b00000, 0x0000000086b00000| Untracked 
|  80|0x0000000086c00000, 0x0000000086c00000, 0x0000000086d00000|  0%| F|  |TAMS 0x0000000086c00000, 0x0000000086c00000| Untracked 
|  81|0x0000000086d00000, 0x0000000086d00000, 0x0000000086e00000|  0%| F|  |TAMS 0x0000000086d00000, 0x0000000086d00000| Untracked 
|  82|0x0000000086e00000, 0x0000000086e00000, 0x0000000086f00000|  0%| F|  |TAMS 0x0000000086e00000, 0x0000000086e00000| Untracked 
|  83|0x0000000086f00000, 0x0000000086f00000, 0x0000000087000000|  0%| F|  |TAMS 0x0000000086f00000, 0x0000000086f00000| Untracked 
|  84|0x0000000087000000, 0x0000000087000000, 0x0000000087100000|  0%| F|  |TAMS 0x0000000087000000, 0x0000000087000000| Untracked 
|  85|0x0000000087100000, 0x0000000087100000, 0x0000000087200000|  0%| F|  |TAMS 0x0000000087100000, 0x0000000087100000| Untracked 
|  86|0x0000000087200000, 0x0000000087200000, 0x0000000087300000|  0%| F|  |TAMS 0x0000000087200000, 0x0000000087200000| Untracked 
|  87|0x0000000087300000, 0x0000000087300000, 0x0000000087400000|  0%| F|  |TAMS 0x0000000087300000, 0x0000000087300000| Untracked 
|  88|0x0000000087400000, 0x0000000087400000, 0x0000000087500000|  0%| F|  |TAMS 0x0000000087400000, 0x0000000087400000| Untracked 
|  89|0x0000000087500000, 0x0000000087500000, 0x0000000087600000|  0%| F|  |TAMS 0x0000000087500000, 0x0000000087500000| Untracked 
|  90|0x0000000087600000, 0x0000000087600000, 0x0000000087700000|  0%| F|  |TAMS 0x0000000087600000, 0x0000000087600000| Untracked 
|  91|0x0000000087700000, 0x0000000087700000, 0x0000000087800000|  0%| F|  |TAMS 0x0000000087700000, 0x0000000087700000| Untracked 
|  92|0x0000000087800000, 0x0000000087800000, 0x0000000087900000|  0%| F|  |TAMS 0x0000000087800000, 0x0000000087800000| Untracked 
|  93|0x0000000087900000, 0x0000000087900000, 0x0000000087a00000|  0%| F|  |TAMS 0x0000000087900000, 0x0000000087900000| Untracked 
|  94|0x0000000087a00000, 0x0000000087a00000, 0x0000000087b00000|  0%| F|  |TAMS 0x0000000087a00000, 0x0000000087a00000| Untracked 
|  95|0x0000000087b00000, 0x0000000087b00000, 0x0000000087c00000|  0%| F|  |TAMS 0x0000000087b00000, 0x0000000087b00000| Untracked 
|  96|0x0000000087c00000, 0x0000000087c00000, 0x0000000087d00000|  0%| F|  |TAMS 0x0000000087c00000, 0x0000000087c00000| Untracked 
|  97|0x0000000087d00000, 0x0000000087d00000, 0x0000000087e00000|  0%| F|  |TAMS 0x0000000087d00000, 0x0000000087d00000| Untracked 
|  98|0x0000000087e00000, 0x0000000087e00000, 0x0000000087f00000|  0%| F|  |TAMS 0x0000000087e00000, 0x0000000087e00000| Untracked 
|  99|0x0000000087f00000, 0x0000000087f00000, 0x0000000088000000|  0%| F|  |TAMS 0x0000000087f00000, 0x0000000087f00000| Untracked 
| 100|0x0000000088000000, 0x0000000088000000, 0x0000000088100000|  0%| F|  |TAMS 0x0000000088000000, 0x0000000088000000| Untracked 
| 101|0x0000000088100000, 0x0000000088100000, 0x0000000088200000|  0%| F|  |TAMS 0x0000000088100000, 0x0000000088100000| Untracked 
| 102|0x0000000088200000, 0x0000000088200000, 0x0000000088300000|  0%| F|  |TAMS 0x0000000088200000, 0x0000000088200000| Untracked 
| 103|0x0000000088300000, 0x0000000088300000, 0x0000000088400000|  0%| F|  |TAMS 0x0000000088300000, 0x0000000088300000| Untracked 
| 104|0x0000000088400000, 0x0000000088400000, 0x0000000088500000|  0%| F|  |TAMS 0x0000000088400000, 0x0000000088400000| Untracked 
| 105|0x0000000088500000, 0x0000000088500000, 0x0000000088600000|  0%| F|  |TAMS 0x0000000088500000, 0x0000000088500000| Untracked 
| 106|0x0000000088600000, 0x0000000088600000, 0x0000000088700000|  0%| F|  |TAMS 0x0000000088600000, 0x0000000088600000| Untracked 
| 107|0x0000000088700000, 0x0000000088700000, 0x0000000088800000|  0%| F|  |TAMS 0x0000000088700000, 0x0000000088700000| Untracked 
| 108|0x0000000088800000, 0x0000000088800000, 0x0000000088900000|  0%| F|  |TAMS 0x0000000088800000, 0x0000000088800000| Untracked 
| 109|0x0000000088900000, 0x0000000088900000, 0x0000000088a00000|  0%| F|  |TAMS 0x0000000088900000, 0x0000000088900000| Untracked 
| 110|0x0000000088a00000, 0x0000000088a00000, 0x0000000088b00000|  0%| F|  |TAMS 0x0000000088a00000, 0x0000000088a00000| Untracked 
| 111|0x0000000088b00000, 0x0000000088b00000, 0x0000000088c00000|  0%| F|  |TAMS 0x0000000088b00000, 0x0000000088b00000| Untracked 
| 112|0x0000000088c00000, 0x0000000088c00000, 0x0000000088d00000|  0%| F|  |TAMS 0x0000000088c00000, 0x0000000088c00000| Untracked 
| 113|0x0000000088d00000, 0x0000000088d00000, 0x0000000088e00000|  0%| F|  |TAMS 0x0000000088d00000, 0x0000000088d00000| Untracked 
| 114|0x0000000088e00000, 0x0000000088e00000, 0x0000000088f00000|  0%| F|  |TAMS 0x0000000088e00000, 0x0000000088e00000| Untracked 
| 115|0x0000000088f00000, 0x0000000088f00000, 0x0000000089000000|  0%| F|  |TAMS 0x0000000088f00000, 0x0000000088f00000| Untracked 
| 116|0x0000000089000000, 0x0000000089000000, 0x0000000089100000|  0%| F|  |TAMS 0x0000000089000000, 0x0000000089000000| Untracked 
| 117|0x0000000089100000, 0x0000000089100000, 0x0000000089200000|  0%| F|  |TAMS 0x0000000089100000, 0x0000000089100000| Untracked 
| 118|0x0000000089200000, 0x0000000089200000, 0x0000000089300000|  0%| F|  |TAMS 0x0000000089200000, 0x0000000089200000| Untracked 
| 119|0x0000000089300000, 0x0000000089300000, 0x0000000089400000|  0%| F|  |TAMS 0x0000000089300000, 0x0000000089300000| Untracked 
| 120|0x0000000089400000, 0x0000000089400000, 0x0000000089500000|  0%| F|  |TAMS 0x0000000089400000, 0x0000000089400000| Untracked 
| 121|0x0000000089500000, 0x0000000089500000, 0x0000000089600000|  0%| F|  |TAMS 0x0000000089500000, 0x0000000089500000| Untracked 
| 122|0x0000000089600000, 0x0000000089600000, 0x0000000089700000|  0%| F|  |TAMS 0x0000000089600000, 0x0000000089600000| Untracked 
| 123|0x0000000089700000, 0x0000000089700000, 0x0000000089800000|  0%| F|  |TAMS 0x0000000089700000, 0x0000000089700000| Untracked 
| 124|0x0000000089800000, 0x0000000089880800, 0x0000000089900000| 50%| E|  |TAMS 0x0000000089800000, 0x0000000089800000| Complete 
| 125|0x0000000089900000, 0x0000000089a00000, 0x0000000089a00000|100%| E|CS|TAMS 0x0000000089900000, 0x0000000089900000| Complete 
| 126|0x0000000089a00000, 0x0000000089b00000, 0x0000000089b00000|100%| E|CS|TAMS 0x0000000089a00000, 0x0000000089a00000| Complete 
| 127|0x0000000089b00000, 0x0000000089c00000, 0x0000000089c00000|100%| E|CS|TAMS 0x0000000089b00000, 0x0000000089b00000| Complete 

Card table byte_map: [0x00000208b7a50000,0x00000208b7e50000] _byte_map_base: 0x00000208b7642000

Marking Bits (Prev, Next): (CMBitMap*) 0x00000208a0478ac0, (CMBitMap*) 0x00000208a0478a80
 Prev Bits: [0x00000208ba1e0000, 0x00000208bc170000)
 Next Bits: [0x00000208b8250000, 0x00000208ba1e0000)

Polling page: 0x000002089e2a0000

Metaspace:

Usage:
  Non-class:     57.65 MB capacity,    57.15 MB (>99%) used,   416.99 KB ( <1%) free+waste,    95.19 KB ( <1%) overhead. 
      Class:      8.52 MB capacity,     8.31 MB ( 98%) used,   180.81 KB (  2%) free+waste,    36.31 KB ( <1%) overhead. 
       Both:     66.17 MB capacity,    65.46 MB ( 99%) used,   597.80 KB ( <1%) free+waste,   131.50 KB ( <1%) overhead. 

Virtual space:
  Non-class space:       58.00 MB reserved,      57.66 MB (>99%) committed 
      Class space:        1.00 GB reserved,       8.62 MB ( <1%) committed 
             Both:        1.06 GB reserved,      66.28 MB (  6%) committed 

Chunk freelists:
   Non-Class:  4.00 KB
       Class:  9.00 KB
        Both:  13.00 KB

MaxMetaspaceSize: 17179869184.00 GB
CompressedClassSpaceSize: 1.00 GB

CodeHeap 'non-profiled nmethods': size=120000Kb used=4927Kb max_used=5262Kb free=115072Kb
 bounds [0x00000208b0120000, 0x00000208b0670000, 0x00000208b7650000]
CodeHeap 'profiled nmethods': size=120000Kb used=17501Kb max_used=19098Kb free=102498Kb
 bounds [0x00000208a8bf0000, 0x00000208a9ea0000, 0x00000208b0120000]
CodeHeap 'non-nmethods': size=5760Kb used=1320Kb max_used=1403Kb free=4439Kb
 bounds [0x00000208a8650000, 0x00000208a88c0000, 0x00000208a8bf0000]
 total_blobs=9187 nmethods=8579 adapters=518
 compilation: enabled
              stopped_count=0, restarted_count=0
 full_count=0

Compilation events (20 events):
Event: 24.116 Thread 0x00000208be662950 10198       2       net.bytebuddy.jar.asm.ClassReader::readUTF8 (23 bytes)
Event: 24.117 Thread 0x00000208be662950 nmethod 10198 0x00000208a9b76a10 code [0x00000208a9b76bc0, 0x00000208a9b76d58]
Event: 24.117 Thread 0x00000208be662950 10199       2       net.bytebuddy.jar.asm.ClassReader::readUtf (161 bytes)
Event: 24.117 Thread 0x00000208be662950 nmethod 10199 0x00000208a9039c90 code [0x00000208a9039e60, 0x00000208a903a1e8]
Event: 24.117 Thread 0x00000208be662950 10200       2       net.bytebuddy.jar.asm.SymbolTable::add (39 bytes)
Event: 24.117 Thread 0x00000208be662950 nmethod 10200 0x00000208a9ccdc10 code [0x00000208a9ccddc0, 0x00000208a9cce058]
Event: 24.159 Thread 0x00000208be662950 10201       2       net.bytebuddy.description.method.ParameterList$ForTokens::get (6 bytes)
Event: 24.160 Thread 0x00000208be662950 nmethod 10201 0x00000208a9108390 code [0x00000208a9108520, 0x00000208a9108628]
Event: 24.160 Thread 0x00000208be662950 10202       2       net.bytebuddy.description.ByteCodeElement$Token$TokenList::wrap (6 bytes)
Event: 24.160 Thread 0x00000208be662950 nmethod 10202 0x00000208a9e60610 code [0x00000208a9e607a0, 0x00000208a9e60958]
Event: 24.160 Thread 0x00000208be662950 10203       2       net.bytebuddy.description.method.ParameterDescription$Latent::<init> (25 bytes)
Event: 24.160 Thread 0x00000208be662950 nmethod 10203 0x00000208a94abd90 code [0x00000208a94abf40, 0x00000208a94ac148]
Event: 24.161 Thread 0x00000208be662950 10204       2       net.bytebuddy.description.method.ParameterDescription$Latent::getType (17 bytes)
Event: 24.161 Thread 0x00000208be662950 nmethod 10204 0x00000208a9431a90 code [0x00000208a9431c60, 0x00000208a9431f88]
Event: 24.177 Thread 0x00000208be662950 10205       2       net.bytebuddy.jar.asm.Type::getInternalName (16 bytes)
Event: 24.177 Thread 0x00000208be662950 nmethod 10205 0x00000208a9175d90 code [0x00000208a9175f20, 0x00000208a9176048]
Event: 24.177 Thread 0x00000208be662950 10206       2       net.bytebuddy.jar.asm.Type::getSort (19 bytes)
Event: 24.177 Thread 0x00000208be662950 nmethod 10206 0x00000208a91d5390 code [0x00000208a91d5520, 0x00000208a91d5638]
Event: 24.182 Thread 0x00000208be662950 10207       2       net.bytebuddy.jar.asm.signature.SignatureWriter::visitParameterType (28 bytes)
Event: 24.182 Thread 0x00000208be662950 nmethod 10207 0x00000208a9530610 code [0x00000208a95307c0, 0x00000208a9530958]

GC Heap History (20 events):
Event: 16.100 GC heap before
{Heap before GC invocations=20 (full 0):
 garbage-first heap   total 70656K, used 57614K [0x0000000081c00000, 0x0000000100000000)
  region size 1024K, 32 young (32768K), 3 survivors (3072K)
 Metaspace       used 52596K, capacity 53099K, committed 53148K, reserved 1095680K
  class space    used 6716K, capacity 6863K, committed 6908K, reserved 1048576K
}
Event: 16.112 GC heap after
{Heap after GC invocations=21 (full 0):
 garbage-first heap   total 70656K, used 30688K [0x0000000081c00000, 0x0000000100000000)
  region size 1024K, 4 young (4096K), 4 survivors (4096K)
 Metaspace       used 52596K, capacity 53099K, committed 53148K, reserved 1095680K
  class space    used 6716K, capacity 6863K, committed 6908K, reserved 1048576K
}
Event: 16.302 GC heap before
{Heap before GC invocations=21 (full 0):
 garbage-first heap   total 70656K, used 57312K [0x0000000081c00000, 0x0000000100000000)
  region size 1024K, 30 young (30720K), 4 survivors (4096K)
 Metaspace       used 52731K, capacity 53259K, committed 53532K, reserved 1095680K
  class space    used 6729K, capacity 6895K, committed 7036K, reserved 1048576K
}
Event: 16.321 GC heap after
{Heap after GC invocations=22 (full 0):
 garbage-first heap   total 84992K, used 35818K [0x0000000081c00000, 0x0000000100000000)
  region size 1024K, 4 young (4096K), 4 survivors (4096K)
 Metaspace       used 52731K, capacity 53259K, committed 53532K, reserved 1095680K
  class space    used 6729K, capacity 6895K, committed 7036K, reserved 1048576K
}
Event: 17.387 GC heap before
{Heap before GC invocations=22 (full 0):
 garbage-first heap   total 84992K, used 64490K [0x0000000081c00000, 0x0000000100000000)
  region size 1024K, 33 young (33792K), 4 survivors (4096K)
 Metaspace       used 54070K, capacity 54571K, committed 54812K, reserved 1097728K
  class space    used 6835K, capacity 6991K, committed 7036K, reserved 1048576K
}
Event: 17.404 GC heap after
{Heap after GC invocations=23 (full 0):
 garbage-first heap   total 84992K, used 38044K [0x0000000081c00000, 0x0000000100000000)
  region size 1024K, 2 young (2048K), 2 survivors (2048K)
 Metaspace       used 54070K, capacity 54571K, committed 54812K, reserved 1097728K
  class space    used 6835K, capacity 6991K, committed 7036K, reserved 1048576K
}
Event: 18.051 GC heap before
{Heap before GC invocations=23 (full 0):
 garbage-first heap   total 84992K, used 66716K [0x0000000081c00000, 0x0000000100000000)
  region size 1024K, 30 young (30720K), 2 survivors (2048K)
 Metaspace       used 56157K, capacity 56647K, committed 56860K, reserved 1099776K
  class space    used 7013K, capacity 7161K, committed 7292K, reserved 1048576K
}
Event: 18.062 GC heap after
{Heap after GC invocations=24 (full 0):
 garbage-first heap   total 84992K, used 40324K [0x0000000081c00000, 0x0000000100000000)
  region size 1024K, 4 young (4096K), 4 survivors (4096K)
 Metaspace       used 56157K, capacity 56647K, committed 56860K, reserved 1099776K
  class space    used 7013K, capacity 7161K, committed 7292K, reserved 1048576K
}
Event: 19.101 GC heap before
{Heap before GC invocations=24 (full 0):
 garbage-first heap   total 84992K, used 67972K [0x0000000081c00000, 0x0000000100000000)
  region size 1024K, 31 young (31744K), 4 survivors (4096K)
 Metaspace       used 58528K, capacity 59120K, committed 59420K, reserved 1101824K
  class space    used 7275K, capacity 7444K, committed 7548K, reserved 1048576K
}
Event: 19.117 GC heap after
{Heap after GC invocations=25 (full 0):
 garbage-first heap   total 84992K, used 43822K [0x0000000081c00000, 0x0000000100000000)
  region size 1024K, 4 young (4096K), 4 survivors (4096K)
 Metaspace       used 58528K, capacity 59120K, committed 59420K, reserved 1101824K
  class space    used 7275K, capacity 7444K, committed 7548K, reserved 1048576K
}
Event: 19.581 GC heap before
{Heap before GC invocations=25 (full 0):
 garbage-first heap   total 84992K, used 67374K [0x0000000081c00000, 0x0000000100000000)
  region size 1024K, 27 young (27648K), 4 survivors (4096K)
 Metaspace       used 58737K, capacity 59328K, committed 59676K, reserved 1101824K
  class space    used 7278K, capacity 7449K, committed 7548K, reserved 1048576K
}
Event: 19.601 GC heap after
{Heap after GC invocations=26 (full 0):
 garbage-first heap   total 102400K, used 47147K [0x0000000081c00000, 0x0000000100000000)
  region size 1024K, 4 young (4096K), 4 survivors (4096K)
 Metaspace       used 58737K, capacity 59328K, committed 59676K, reserved 1101824K
  class space    used 7278K, capacity 7449K, committed 7548K, reserved 1048576K
}
Event: 21.220 GC heap before
{Heap before GC invocations=27 (full 0):
 garbage-first heap   total 102400K, used 80939K [0x0000000081c00000, 0x0000000100000000)
  region size 1024K, 37 young (37888K), 4 survivors (4096K)
 Metaspace       used 61363K, capacity 61957K, committed 62108K, reserved 1103872K
  class space    used 7692K, capacity 7874K, committed 7932K, reserved 1048576K
}
Event: 21.243 GC heap after
{Heap after GC invocations=28 (full 0):
 garbage-first heap   total 102400K, used 50825K [0x0000000081c00000, 0x0000000100000000)
  region size 1024K, 4 young (4096K), 4 survivors (4096K)
 Metaspace       used 61363K, capacity 61957K, committed 62108K, reserved 1103872K
  class space    used 7692K, capacity 7874K, committed 7932K, reserved 1048576K
}
Event: 22.289 GC heap before
{Heap before GC invocations=28 (full 0):
 garbage-first heap   total 102400K, used 81545K [0x0000000081c00000, 0x0000000100000000)
  region size 1024K, 34 young (34816K), 4 survivors (4096K)
 Metaspace       used 63317K, capacity 63958K, committed 64284K, reserved 1105920K
  class space    used 7987K, capacity 8171K, committed 8316K, reserved 1048576K
}
Event: 22.313 GC heap after
{Heap after GC invocations=29 (full 0):
 garbage-first heap   total 102400K, used 53994K [0x0000000081c00000, 0x0000000100000000)
  region size 1024K, 4 young (4096K), 4 survivors (4096K)
 Metaspace       used 63317K, capacity 63958K, committed 64284K, reserved 1105920K
  class space    used 7987K, capacity 8171K, committed 8316K, reserved 1048576K
}
Event: 23.279 GC heap before
{Heap before GC invocations=30 (full 0):
 garbage-first heap   total 102400K, used 81642K [0x0000000081c00000, 0x0000000100000000)
  region size 1024K, 31 young (31744K), 4 survivors (4096K)
 Metaspace       used 65018K, capacity 65591K, committed 65692K, reserved 1105920K
  class space    used 8217K, capacity 8394K, committed 8444K, reserved 1048576K
}
Event: 23.302 GC heap after
{Heap after GC invocations=31 (full 0):
 garbage-first heap   total 102400K, used 57019K [0x0000000081c00000, 0x0000000100000000)
  region size 1024K, 3 young (3072K), 3 survivors (3072K)
 Metaspace       used 65018K, capacity 65591K, committed 65692K, reserved 1105920K
  class space    used 8217K, capacity 8394K, committed 8444K, reserved 1048576K
}
Event: 24.015 GC heap before
{Heap before GC invocations=31 (full 0):
 garbage-first heap   total 102400K, used 82619K [0x0000000081c00000, 0x0000000100000000)
  region size 1024K, 28 young (28672K), 3 survivors (3072K)
 Metaspace       used 66425K, capacity 67125K, committed 67228K, reserved 1107968K
  class space    used 8414K, capacity 8625K, committed 8700K, reserved 1048576K
}
Event: 24.037 GC heap after
{Heap after GC invocations=32 (full 0):
 garbage-first heap   total 131072K, used 58945K [0x0000000081c00000, 0x0000000100000000)
  region size 1024K, 3 young (3072K), 3 survivors (3072K)
 Metaspace       used 66425K, capacity 67125K, committed 67228K, reserved 1107968K
  class space    used 8414K, capacity 8625K, committed 8700K, reserved 1048576K
}

Deoptimization events (20 events):
Event: 24.012 Thread 0x00000208a0436070 Uncommon trap: trap_request=0xffffffc6 fr.pc=0x00000208b040269c relative=0x000000000000033c
Event: 24.012 Thread 0x00000208a0436070 Uncommon trap: reason=bimorphic_or_optimized_type_check action=maybe_recompile pc=0x00000208b040269c method=net.bytebuddy.description.type.TypeDescription$Generic$OfNonGenericType.isPrimitive()Z @ 1 c2
Event: 24.012 Thread 0x00000208a0436070 DEOPT PACKING pc=0x00000208b040269c sp=0x00000068c1ff9b60
Event: 24.012 Thread 0x00000208a0436070 DEOPT UNPACKING pc=0x00000208a869e42f sp=0x00000068c1ff9b10 mode 2
Event: 24.081 Thread 0x00000208a0436070 Uncommon trap: trap_request=0xffffff45 fr.pc=0x00000208b0271828 relative=0x0000000000000108
Event: 24.081 Thread 0x00000208a0436070 Uncommon trap: reason=unstable_if action=reinterpret pc=0x00000208b0271828 method=jdk.internal.module.SystemModuleFinders$SystemModuleReader.find(Ljava/lang/String;)Ljava/util/Optional; @ 7 c2
Event: 24.081 Thread 0x00000208a0436070 DEOPT PACKING pc=0x00000208b0271828 sp=0x00000068c1ff9980
Event: 24.081 Thread 0x00000208a0436070 DEOPT UNPACKING pc=0x00000208a869e42f sp=0x00000068c1ff9930 mode 2
Event: 24.141 Thread 0x00000208a0436070 Uncommon trap: trap_request=0xffffffde fr.pc=0x00000208b042c90c relative=0x000000000000006c
Event: 24.141 Thread 0x00000208a0436070 Uncommon trap: reason=class_check action=maybe_recompile pc=0x00000208b042c90c method=net.bytebuddy.description.field.FieldList$ForTokens.size()I @ 4 c2
Event: 24.141 Thread 0x00000208a0436070 DEOPT PACKING pc=0x00000208b042c90c sp=0x00000068c1ff9c50
Event: 24.141 Thread 0x00000208a0436070 DEOPT UNPACKING pc=0x00000208a869e42f sp=0x00000068c1ff9bd8 mode 2
Event: 24.141 Thread 0x00000208a0436070 Uncommon trap: trap_request=0xffffffc6 fr.pc=0x00000208b0406c7c relative=0x000000000000015c
Event: 24.141 Thread 0x00000208a0436070 Uncommon trap: reason=bimorphic_or_optimized_type_check action=maybe_recompile pc=0x00000208b0406c7c method=net.bytebuddy.description.type.TypeList$Explicit.get(I)Lnet/bytebuddy/description/type/TypeDescription; @ 5 c2
Event: 24.141 Thread 0x00000208a0436070 DEOPT PACKING pc=0x00000208b0406c7c sp=0x00000068c1ff9c30
Event: 24.141 Thread 0x00000208a0436070 DEOPT UNPACKING pc=0x00000208a869e42f sp=0x00000068c1ff9b50 mode 2
Event: 24.157 Thread 0x00000208a0436070 Uncommon trap: trap_request=0xffffffde fr.pc=0x00000208b042c90c relative=0x000000000000006c
Event: 24.157 Thread 0x00000208a0436070 Uncommon trap: reason=class_check action=maybe_recompile pc=0x00000208b042c90c method=net.bytebuddy.description.field.FieldList$ForTokens.size()I @ 4 c2
Event: 24.157 Thread 0x00000208a0436070 DEOPT PACKING pc=0x00000208b042c90c sp=0x00000068c1ff9890
Event: 24.157 Thread 0x00000208a0436070 DEOPT UNPACKING pc=0x00000208a869e42f sp=0x00000068c1ff9818 mode 2

Classes unloaded (0 events):
No events

Classes redefined (0 events):
No events

Internal exceptions (20 events):
Event: 23.828 Thread 0x00000208a0436070 Exception <a 'java/lang/ClassNotFoundException'{0x0000000086b2ae68}: org/springframework/web/filter/GenericFilterBeanCustomizer> (0x0000000086b2ae68) 
thrown [./open/src/hotspot/share/classfile/systemDictionary.cpp, line 295]
Event: 23.828 Thread 0x00000208a0436070 Exception <a 'java/lang/ClassNotFoundException'{0x0000000086b35b20}: org/springframework/web/filter/OncePerRequestFilterCustomizer> (0x0000000086b35b20) 
thrown [./open/src/hotspot/share/classfile/systemDictionary.cpp, line 295]
Event: 23.829 Thread 0x00000208a0436070 Exception <a 'java/lang/ClassNotFoundException'{0x0000000086b3d6d8}: org/springframework/web/filter/CharacterEncodingFilterCustomizer> (0x0000000086b3d6d8) 
thrown [./open/src/hotspot/share/classfile/systemDictionary.cpp, line 295]
Event: 23.829 Thread 0x00000208a0436070 Exception <a 'java/lang/ClassNotFoundException'{0x0000000086b49f70}: org/springframework/boot/web/servlet/filter/OrderedCharacterEncodingFilterCustomizer> (0x0000000086b49f70) 
thrown [./open/src/hotspot/share/classfile/systemDictionary.cpp, line 295]
Event: 23.830 Thread 0x00000208a0436070 Exception <a 'java/lang/ClassNotFoundException'{0x0000000086b59b68}: org/springframework/boot/web/servlet/filter/OrderedFilterCustomizer> (0x0000000086b59b68) 
thrown [./open/src/hotspot/share/classfile/systemDictionary.cpp, line 295]
Event: 23.830 Thread 0x00000208a0436070 Exception <a 'java/lang/ClassNotFoundException'{0x0000000086b5f5e8}: javax/servlet/FilterCustomizer> (0x0000000086b5f5e8) 
thrown [./open/src/hotspot/share/classfile/systemDictionary.cpp, line 295]
Event: 23.830 Thread 0x00000208a0436070 Exception <a 'java/lang/ClassNotFoundException'{0x0000000086b66810}: org/springframework/core/OrderedCustomizer> (0x0000000086b66810) 
thrown [./open/src/hotspot/share/classfile/systemDictionary.cpp, line 295]
Event: 23.831 Thread 0x00000208a0436070 Exception <a 'java/lang/ClassNotFoundException'{0x0000000086b6cd98}: javax/servlet/FilterCustomizer> (0x0000000086b6cd98) 
thrown [./open/src/hotspot/share/classfile/systemDictionary.cpp, line 295]
Event: 23.831 Thread 0x00000208a0436070 Exception <a 'java/lang/ClassNotFoundException'{0x0000000086b743a0}: org/springframework/beans/factory/BeanNameAwareCustomizer> (0x0000000086b743a0) 
thrown [./open/src/hotspot/share/classfile/systemDictionary.cpp, line 295]
Event: 23.831 Thread 0x00000208a0436070 Exception <a 'java/lang/ClassNotFoundException'{0x0000000086b7afd8}: org/springframework/beans/factory/AwareCustomizer> (0x0000000086b7afd8) 
thrown [./open/src/hotspot/share/classfile/systemDictionary.cpp, line 295]
Event: 23.832 Thread 0x00000208a0436070 Exception <a 'java/lang/ClassNotFoundException'{0x0000000086b810c8}: org/springframework/context/EnvironmentAwareCustomizer> (0x0000000086b810c8) 
thrown [./open/src/hotspot/share/classfile/systemDictionary.cpp, line 295]
Event: 23.832 Thread 0x00000208a0436070 Exception <a 'java/lang/ClassNotFoundException'{0x0000000086b87cf0}: org/springframework/beans/factory/AwareCustomizer> (0x0000000086b87cf0) 
thrown [./open/src/hotspot/share/classfile/systemDictionary.cpp, line 295]
Event: 23.832 Thread 0x00000208a0436070 Exception <a 'java/lang/ClassNotFoundException'{0x0000000086b8dc80}: org/springframework/core/env/EnvironmentCapableCustomizer> (0x0000000086b8dc80) 
thrown [./open/src/hotspot/share/classfile/systemDictionary.cpp, line 295]
Event: 23.833 Thread 0x00000208a0436070 Exception <a 'java/lang/ClassNotFoundException'{0x0000000086b94b70}: org/springframework/web/context/ServletContextAwareCustomizer> (0x0000000086b94b70) 
thrown [./open/src/hotspot/share/classfile/systemDictionary.cpp, line 295]
Event: 23.833 Thread 0x00000208a0436070 Exception <a 'java/lang/ClassNotFoundException'{0x0000000086b9b800}: org/springframework/beans/factory/AwareCustomizer> (0x0000000086b9b800) 
thrown [./open/src/hotspot/share/classfile/systemDictionary.cpp, line 295]
Event: 23.834 Thread 0x00000208a0436070 Exception <a 'java/lang/ClassNotFoundException'{0x0000000086ba1830}: org/springframework/beans/factory/InitializingBeanCustomizer> (0x0000000086ba1830) 
thrown [./open/src/hotspot/share/classfile/systemDictionary.cpp, line 295]
Event: 23.834 Thread 0x00000208a0436070 Exception <a 'java/lang/ClassNotFoundException'{0x0000000086ba80f8}: org/springframework/beans/factory/DisposableBeanCustomizer> (0x0000000086ba80f8) 
thrown [./open/src/hotspot/share/classfile/systemDictionary.cpp, line 295]
Event: 23.837 Thread 0x00000208a0436070 Exception <a 'java/lang/ClassNotFoundException'{0x0000000086bd1410}: java/lang/ObjectCustomizer> (0x0000000086bd1410) 
thrown [./open/src/hotspot/share/classfile/systemDictionary.cpp, line 295]
Event: 23.838 Thread 0x00000208a0436070 Exception <a 'java/lang/ClassNotFoundException'{0x0000000086bdaee8}: org/springframework/web/multipart/support/StandardServletMultipartResolverCustomizer> (0x0000000086bdaee8) 
thrown [./open/src/hotspot/share/classfile/systemDictionary.cpp, line 295]
Event: 23.839 Thread 0x00000208a0436070 Exception <a 'java/lang/ClassNotFoundException'{0x0000000086be5528}: org/springframework/web/multipart/MultipartResolverCustomizer> (0x0000000086be5528) 
thrown [./open/src/hotspot/share/classfile/systemDictionary.cpp, line 295]

Events (20 events):
Event: 24.015 Executing VM operation: G1CollectForAllocation
Event: 24.039 Executing VM operation: G1CollectForAllocation done
Event: 24.081 loading class sun/net/www/protocol/jrt/JavaRuntimeURLConnection
Event: 24.082 loading class sun/net/www/protocol/jrt/JavaRuntimeURLConnection done
Event: 24.085 loading class sun/net/www/protocol/jrt/JavaRuntimeURLConnection$1
Event: 24.086 loading class sun/net/www/protocol/jrt/JavaRuntimeURLConnection$1 done
Event: 24.086 loading class jdk/internal/jimage/ImageBufferCache
Event: 24.086 loading class jdk/internal/jimage/ImageBufferCache done
Event: 24.086 loading class jdk/internal/jimage/ImageBufferCache$1
Event: 24.086 loading class jdk/internal/jimage/ImageBufferCache$1 done
Event: 24.086 loading class jdk/internal/jimage/ImageBufferCache$2
Event: 24.086 loading class jdk/internal/jimage/ImageBufferCache$2 done
Event: 24.086 loading class jdk/internal/jimage/ImageBufferCache$BufferReference
Event: 24.086 loading class jdk/internal/jimage/ImageBufferCache$BufferReference done
Event: 24.206 loading class java/lang/instrument/IllegalClassFormatException
Event: 24.206 loading class java/lang/instrument/IllegalClassFormatException done
Event: 24.207 Executing VM operation: G1Concurrent
Event: 24.219 Executing VM operation: G1Concurrent done
Event: 24.230 loading class jdk/internal/vm/annotation/ForceInline
Event: 24.230 loading class jdk/internal/vm/annotation/ForceInline done


Dynamic libraries:
0x00007ff7ba050000 - 0x00007ff7ba05f000 	C:\Program Files\Java\jdk-15.0.2\bin\java.exe
0x00007ffb71ef0000 - 0x00007ffb720dd000 	C:\Windows\SYSTEM32\ntdll.dll
0x00007ffb714e0000 - 0x00007ffb71593000 	C:\Windows\System32\KERNEL32.DLL
0x00007ffb6dfc0000 - 0x00007ffb6e253000 	C:\Windows\System32\KERNELBASE.dll
0x00007ffb6ebc0000 - 0x00007ffb6ecbc000 	C:\Windows\System32\ucrtbase.dll
0x00007ffb6ad90000 - 0x00007ffb6ada8000 	C:\Program Files\Java\jdk-15.0.2\bin\jli.dll
0x00007ffb6f590000 - 0x00007ffb6f633000 	C:\Windows\System32\ADVAPI32.dll
0x00007ffb71810000 - 0x00007ffb718ae000 	C:\Windows\System32\msvcrt.dll
0x00007ffb71770000 - 0x00007ffb7180e000 	C:\Windows\System32\sechost.dll
0x00007ffb6f450000 - 0x00007ffb6f573000 	C:\Windows\System32\RPCRT4.dll
0x00007ffb71020000 - 0x00007ffb711b7000 	C:\Windows\System32\USER32.dll
0x00007ffb6ecc0000 - 0x00007ffb6ece0000 	C:\Windows\System32\win32u.dll
0x00007ffb70f40000 - 0x00007ffb70f69000 	C:\Windows\System32\GDI32.dll
0x00007ffb6ef80000 - 0x00007ffb6f11a000 	C:\Windows\System32\gdi32full.dll
0x00007ffb6ece0000 - 0x00007ffb6ed80000 	C:\Windows\System32\msvcp_win.dll
0x00007ffb69800000 - 0x00007ffb69819000 	C:\Program Files\Java\jdk-15.0.2\bin\VCRUNTIME140.dll
0x00007ffb605c0000 - 0x00007ffb60839000 	C:\Windows\WinSxS\amd64_microsoft.windows.common-controls_6595b64144ccf1df_6.0.17763.1_none_f040600eff408c2d\COMCTL32.dll
0x00007ffb6f120000 - 0x00007ffb6f44e000 	C:\Windows\System32\combase.dll
0x00007ffb6e310000 - 0x00007ffb6e38e000 	C:\Windows\System32\bcryptPrimitives.dll
0x00007ffb697a0000 - 0x00007ffb697aa000 	C:\Windows\SYSTEM32\VERSION.dll
0x00007ffb71d30000 - 0x00007ffb71d5e000 	C:\Windows\System32\IMM32.DLL
0x00007ffb6b100000 - 0x00007ffb6b10c000 	C:\Program Files\Java\jdk-15.0.2\bin\vcruntime140_1.dll
0x00007ffb57a60000 - 0x00007ffb57af1000 	C:\Program Files\Java\jdk-15.0.2\bin\msvcp140.dll
0x00007ffb28af0000 - 0x00007ffb2964e000 	C:\Program Files\Java\jdk-15.0.2\bin\server\jvm.dll
0x00007ffb71610000 - 0x00007ffb71618000 	C:\Windows\System32\PSAPI.DLL
0x00007ffb633f0000 - 0x00007ffb633f9000 	C:\Windows\SYSTEM32\WSOCK32.dll
0x00007ffb715a0000 - 0x00007ffb7160d000 	C:\Windows\System32\WS2_32.dll
0x00007ffb6b710000 - 0x00007ffb6b734000 	C:\Windows\SYSTEM32\WINMM.dll
0x00007ffb6b6b0000 - 0x00007ffb6b6dd000 	C:\Windows\SYSTEM32\WINMMBASE.dll
0x00007ffb6e2c0000 - 0x00007ffb6e30a000 	C:\Windows\System32\cfgmgr32.dll
0x00007ffb6def0000 - 0x00007ffb6df01000 	C:\Windows\System32\kernel.appcore.dll
0x00007ffb69bd0000 - 0x00007ffb69bda000 	C:\Program Files\Java\jdk-15.0.2\bin\jimage.dll
0x00007ffb6c8a0000 - 0x00007ffb6ca8d000 	C:\Windows\SYSTEM32\DBGHELP.DLL
0x00007ffb5df40000 - 0x00007ffb5df6a000 	C:\Windows\SYSTEM32\dbgcore.DLL
0x00007ffb60580000 - 0x00007ffb6058e000 	C:\Program Files\Java\jdk-15.0.2\bin\instrument.dll
0x00007ffb5ee00000 - 0x00007ffb5ee25000 	C:\Program Files\Java\jdk-15.0.2\bin\java.dll
0x00007ffb6f770000 - 0x00007ffb70c5f000 	C:\Windows\System32\SHELL32.dll
0x00007ffb70f70000 - 0x00007ffb71018000 	C:\Windows\System32\shcore.dll
0x00007ffb6e3c0000 - 0x00007ffb6eb08000 	C:\Windows\System32\windows.storage.dll
0x00007ffb6df90000 - 0x00007ffb6dfb4000 	C:\Windows\System32\profapi.dll
0x00007ffb6df10000 - 0x00007ffb6df6d000 	C:\Windows\System32\powrprof.dll
0x00007ffb70cd0000 - 0x00007ffb70d22000 	C:\Windows\System32\shlwapi.dll
0x00007ffb6ef60000 - 0x00007ffb6ef77000 	C:\Windows\System32\cryptsp.dll
0x00007ffb5edc0000 - 0x00007ffb5edd8000 	C:\Program Files\Java\jdk-15.0.2\bin\zip.dll
0x00007ffb697e0000 - 0x00007ffb697f9000 	C:\Program Files\Java\jdk-15.0.2\bin\net.dll
0x00007ffb646f0000 - 0x00007ffb647e1000 	C:\Windows\SYSTEM32\WINHTTP.dll
0x00007ffb6d780000 - 0x00007ffb6d7e7000 	C:\Windows\system32\mswsock.dll
0x00007ffb5ede0000 - 0x00007ffb5edf2000 	C:\Program Files\Java\jdk-15.0.2\bin\nio.dll
0x00007ffb5d610000 - 0x00007ffb5d62a000 	D:\Programas\IntelliJ IDEA 2021.1\bin\breakgen64.dll
0x00007ffb60a70000 - 0x00007ffb60a80000 	C:\Program Files\Java\jdk-15.0.2\bin\verify.dll
0x00007ffb5ed60000 - 0x00007ffb5ed69000 	C:\Program Files\Java\jdk-15.0.2\bin\management.dll
0x00007ffb5dd80000 - 0x00007ffb5dd8b000 	C:\Program Files\Java\jdk-15.0.2\bin\management_ext.dll
0x00007ffb60560000 - 0x00007ffb60576000 	C:\Windows\system32\napinsp.dll
0x00007ffb5dd50000 - 0x00007ffb5dd6a000 	C:\Windows\system32\pnrpnsp.dll
0x00007ffb6d520000 - 0x00007ffb6d5e6000 	C:\Windows\SYSTEM32\DNSAPI.dll
0x00007ffb6f580000 - 0x00007ffb6f588000 	C:\Windows\System32\NSI.dll
0x00007ffb6d4e0000 - 0x00007ffb6d51d000 	C:\Windows\SYSTEM32\IPHLPAPI.DLL
0x00007ffb6ad80000 - 0x00007ffb6ad8e000 	C:\Windows\System32\winrnr.dll
0x00007ffb6b6f0000 - 0x00007ffb6b70b000 	C:\Windows\system32\NLAapi.dll
0x00007ffb508a0000 - 0x00007ffb508b5000 	C:\Windows\system32\wshbth.dll
0x00007ffb66110000 - 0x00007ffb6611a000 	C:\Windows\System32\rasadhlp.dll
0x00007ffb670b0000 - 0x00007ffb67129000 	C:\Windows\System32\fwpuclnt.dll
0x00007ffb6e390000 - 0x00007ffb6e3b6000 	C:\Windows\System32\bcrypt.dll
0x00007ffb6d340000 - 0x00007ffb6d373000 	C:\Windows\system32\rsaenh.dll
0x00007ffb6de20000 - 0x00007ffb6de48000 	C:\Windows\SYSTEM32\USERENV.dll
0x00007ffb6d950000 - 0x00007ffb6d95c000 	C:\Windows\SYSTEM32\CRYPTBASE.dll
0x00007ffb68860000 - 0x00007ffb68876000 	C:\Windows\SYSTEM32\dhcpcsvc6.DLL
0x00007ffb68790000 - 0x00007ffb687ac000 	C:\Windows\SYSTEM32\dhcpcsvc.DLL

dbghelp: loaded successfully - version: 4.0.5 - missing functions: none
symbol engine: initialized successfully - sym options: 0x614 - pdb path: .;C:\Program Files\Java\jdk-15.0.2\bin;C:\Windows\SYSTEM32;C:\Windows\WinSxS\amd64_microsoft.windows.common-controls_6595b64144ccf1df_6.0.17763.1_none_f040600eff408c2d;C:\Program Files\Java\jdk-15.0.2\bin\server;D:\Programas\IntelliJ IDEA 2021.1\bin

VM Arguments:
jvm_args: -ea -Didea.test.cyclic.buffer.size=1048576 -javaagent:D:\Programas\IntelliJ IDEA 2021.1\lib\idea_rt.jar=50594:D:\Programas\IntelliJ IDEA 2021.1\bin -Dfile.encoding=UTF-8 
java_command: com.intellij.rt.junit.JUnitStarter -ideVersion5 -junit5 businessDelegate_Test.BusinessDelegateTest,findAllLocalconditionsByThreshold_test
java_class_path (initial): D:\Programas\IntelliJ IDEA 2021.1\lib\idea_rt.jar;C:\Users\Equipo\.m2\repository\org\junit\platform\junit-platform-launcher\1.7.1\junit-platform-launcher-1.7.1.jar;D:\Programas\IntelliJ IDEA 2021.1\plugins\junit\lib\junit5-rt.jar;D:\Programas\IntelliJ IDEA 2021.1\plugins\junit\lib\junit-rt.jar;C:\Users\Equipo\Desktop\Universidad\SEMESTRE 7\Computación en Internet\tallerfinal\web-app-with-authentication\target\test-classes;C:\Users\Equipo\Desktop\Universidad\SEMESTRE 7\Computación en Internet\tallerfinal\web-app-with-authentication\target\classes;C:\Users\Equipo\.m2\repository\org\springframework\boot\spring-boot-starter\2.4.4\spring-boot-starter-2.4.4.jar;C:\Users\Equipo\.m2\repository\org\springframework\boot\spring-boot\2.4.4\spring-boot-2.4.4.jar;C:\Users\Equipo\.m2\repository\org\springframework\spring-context\5.3.5\spring-context-5.3.5.jar;C:\Users\Equipo\.m2\repository\org\springframework\boot\spring-boot-autoconfigure\2.4.4\spring-boot-autoconfigure-2.4.4.jar;C:\Users\Equipo\.m2\repository\org\springframework\boot\spring-boot-starter-logging\2.4.4\spring-boot-starter-logging-2.4.4.jar;C:\Users\Equipo\.m2\repository\ch\qos\logback\logback-classic\1.2.3\logback-classic-1.2.3.jar;C:\Users\Equipo\.m2\repository\ch\qos\logback\logback-core\1.2.3\logback-core-1.2.3.jar;C:\Users\Equipo\.m2\repository\org\apache\logging\log4j\log4j-to-slf4j\2.13.3\log4j-to-slf4j-2.13.3.jar;C:\Users\Equipo\.m2\repository\org\apache\logging\log4j\log4j-api\2.13.3\log4j-api-2.13.3.jar;C:\Users\Equipo\.m2\repository\org\slf4j\jul-to-slf4j\1.7.30\jul-to-slf4j-1.7.30.jar;C:\Users\Equipo\.m2\repository\jakarta\annotation\jakarta.annotation-api\1.3.5\jakarta.annotation-api-1.3.5.jar;C:\Users\Equipo\.m2\repository\org\springframework\spring-core\5.3.5\spring-core-5.3.5.jar;C:\Users\Equipo\.m2\repository\org\springframework\spring-jcl\5.3.5\spring-jcl-5.3.5.jar;C:\Users\Equipo\.m2\repository\org\yaml\snakeyaml\1.27\snakeyaml-1.27.jar;C:\Users\Equipo\.m2\repository\
Launcher Type: SUN_STANDARD

[Global flags]
     intx CICompilerCount                          = 3                                         {product} {ergonomic}
     uint ConcGCThreads                            = 1                                         {product} {ergonomic}
     uint G1ConcRefinementThreads                  = 4                                         {product} {ergonomic}
   size_t G1HeapRegionSize                         = 1048576                                   {product} {ergonomic}
    uintx GCDrainStackTargetSize                   = 64                                        {product} {ergonomic}
   size_t InitialHeapSize                          = 134217728                                 {product} {ergonomic}
   size_t MarkStackSize                            = 4194304                                   {product} {ergonomic}
   size_t MaxHeapSize                              = 2118123520                                {product} {ergonomic}
   size_t MaxNewSize                               = 1270874112                                {product} {ergonomic}
   size_t MinHeapDeltaBytes                        = 1048576                                   {product} {ergonomic}
   size_t MinHeapSize                              = 8388608                                   {product} {ergonomic}
    uintx NonNMethodCodeHeapSize                   = 5832780                                {pd product} {ergonomic}
    uintx NonProfiledCodeHeapSize                  = 122912730                              {pd product} {ergonomic}
    uintx ProfiledCodeHeapSize                     = 122912730                              {pd product} {ergonomic}
    uintx ReservedCodeCacheSize                    = 251658240                              {pd product} {ergonomic}
     bool SegmentedCodeCache                       = true                                      {product} {ergonomic}
   size_t SoftMaxHeapSize                          = 2118123520                             {manageable} {ergonomic}
     bool UseCompressedClassPointers               = true                                 {lp64_product} {ergonomic}
     bool UseCompressedOops                        = true                                 {lp64_product} {ergonomic}
     bool UseG1GC                                  = true                                      {product} {ergonomic}
     bool UseLargePagesIndividualAllocation        = false                                  {pd product} {ergonomic}

Logging:
Log output configuration:
 #0: stdout all=warning uptime,level,tags
 #1: stderr all=off uptime,level,tags

Environment Variables:
JAVA_HOME=C:\Program Files\Java\jdk1.6.0_23
PATH=C:\Python39\Scripts\;C:\Python39\;C:\Program Files (x86)\Common Files\Oracle\Java\javapath;C:\Program Files\Common Files\Oracle\Java\javapath;C:\Windows\system32;C:\Windows;C:\Windows\System32\Wbem;C:\Windows\System32\WindowsPowerShell\v1.0\;C:\Windows\System32\OpenSSH\;C:\Program Files (x86)\NVIDIA Corporation\PhysX\Common;D:\Programas\Git\Git\cmd;C:\Program Files\dotnet\;C:\Gradle\gradle-6.7.1\bin;C:\Program Files\Java\jdk1.6.0_23\bin;C:\Program Files (x86)\ZeroTier\One\;C:\Program Files\Java\jdk1.6.0_23\bin;C:\Program Data\Orcale\Java\javapath;C:\Program Files\frascati-runtime-1.4\bin;D:\Programas\Node\;C:\ProgramData\chocolatey\bin;C:\Users\Equipo\AppData\Local\Microsoft\WindowsApps;C:\Users\Equipo\.dotnet\tools;D:\Programas\Microsoft VS Code\bin;D:\Programas\IntelliJ IDEA Community Edition 2020.2.4\bin;D:\Programas\PyCharm Community Edition 2020.3.3\bin;C:\Users\Equipo\AppData\Local\gitkraken\bin;C:\Users\Equipo\.dotnet\tools;D:\Programas\IntelliJ IDEA 2021.1\bin;;C:\Users\Equipo\AppData\Roaming\npm;
USERNAME=Felipe
OS=Windows_NT
PROCESSOR_IDENTIFIER=Intel64 Family 6 Model 142 Stepping 9, GenuineIntel



---------------  S Y S T E M  ---------------

OS:
 Windows 10 , 64 bit Build 17763 (10.0.17763.1)
OS uptime: 0 days 13:59 hours

CPU: total 4 (initial active 4) (2 cores per cpu, 2 threads per core) family 6 model 142 stepping 9 microcode 0x8e, cmov, cx8, fxsr, mmx, sse, sse2, sse3, ssse3, sse4.1, sse4.2, popcnt, vzeroupper, avx, avx2, aes, clmul, erms, 3dnowpref, lzcnt, ht, tsc, tscinvbit, bmi1, bmi2, adx, fma, clflush, clflushopt

Memory: 4k page, system-wide physical 8073M (2137M free)
TotalPageFile size 9097M (AvailPageFile size 6M)
current process WorkingSet (physical memory assigned to process): 322M, peak: 322M
current process commit charge ("private bytes"): 383M, peak: 385M

vm_info: Java HotSpot(TM) 64-Bit Server VM (15.0.2+7-27) for windows-amd64 JRE (15.0.2+7-27), built on Dec  7 2020 20:07:01 by "mach5one" with unknown MS VC++:1925

END.
