#
# There is insufficient memory for the Java Runtime Environment to continue.
# Native memory allocation (mmap) failed to map 134217728 bytes for G1 virtual space
# Possible reasons:
#   The system is out of physical RAM or swap space
#   The process is running with CompressedOops enabled, and the Java Heap may be blocking the growth of the native heap
# Possible solutions:
#   Reduce memory load on the system
#   Increase physical memory or swap space
#   Check if swap backing store is full
#   Decrease Java heap size (-Xmx/-Xms)
#   Decrease number of Java threads
#   Decrease Java thread stack sizes (-Xss)
#   Set larger code cache with -XX:ReservedCodeCacheSize=
#   JVM is running with Unscaled Compressed Oops mode in which the Java heap is
#     placed in the first 4GB address space. The Java Heap base address is the
#     maximum limit for the native heap growth. Please use -XX:HeapBaseMinAddress
#     to set the Java Heap base and to place the Java Heap above 4GB virtual address.
# This output file may be truncated or incomplete.
#
#  Out of Memory Error (./open/src/hotspot/os/windows/os_windows.cpp:3321), pid=8228, tid=6320
#
# JRE version:  (15.0.2+7) (build )
# Java VM: Java HotSpot(TM) 64-Bit Server VM (15.0.2+7-27, mixed mode, sharing, tiered, compressed oops, g1 gc, windows-amd64)
# No core dump will be written. Minidumps are not enabled by default on client versions of Windows
#

---------------  S U M M A R Y ------------

Command Line: -ea -Didea.test.cyclic.buffer.size=1048576 -javaagent:D:\Programas\IntelliJ IDEA 2021.1\lib\idea_rt.jar=55267:D:\Programas\IntelliJ IDEA 2021.1\bin -Dfile.encoding=UTF-8 com.intellij.rt.junit.JUnitStarter -ideVersion5 -junit5 businessDelegate_Test.BusinessDelegateTest

Host: Intel(R) Core(TM) i5-7200U CPU @ 2.50GHz, 4 cores, 7G,  Windows 10 , 64 bit Build 17763 (10.0.17763.1)
Time: Thu Jun 17 23:26:13 2021 Hora est. Pacífico, Sudamérica elapsed time: 0.021777 seconds (0d 0h 0m 0s)

---------------  T H R E A D  ---------------

Current thread (0x000002302c1fbe30):  JavaThread "Unknown thread" [_thread_in_vm, id=6320, stack(0x000000cf58100000,0x000000cf58200000)]

Stack: [0x000000cf58100000,0x000000cf58200000]
Native frames: (J=compiled Java code, j=interpreted, Vv=VM code, C=native code)
V  [jvm.dll+0x62ae9a]
V  [jvm.dll+0x7817a9]
V  [jvm.dll+0x782f03]
V  [jvm.dll+0x783563]
V  [jvm.dll+0x216325]
V  [jvm.dll+0x6281d9]
V  [jvm.dll+0x61cf55]
V  [jvm.dll+0x2cffdd]
V  [jvm.dll+0x2cfe42]
V  [jvm.dll+0x2d5e1c]
V  [jvm.dll+0x32590a]
V  [jvm.dll+0x324fd4]
V  [jvm.dll+0x2a6f5a]
V  [jvm.dll+0x2a80f8]
V  [jvm.dll+0x75e241]
V  [jvm.dll+0x3341c4]
V  [jvm.dll+0x73e926]
V  [jvm.dll+0x3b7557]
V  [jvm.dll+0x3b8fe1]
C  [jli.dll+0x52fb]
C  [ucrtbase.dll+0x203ba]
C  [KERNEL32.DLL+0x17e94]
C  [ntdll.dll+0x67ad1]


---------------  P R O C E S S  ---------------

Threads class SMR info:
_java_thread_list=0x00007ffb295b4ff0, length=0, elements={
}

Java Threads: ( => current thread )

Other Threads:
  0x000002302c23be40 GCTaskThread "GC Thread#0" [stack: 0x000000cf58200000,0x000000cf58300000] [id=7140]
  0x000002302c24da30 ConcurrentGCThread "G1 Main Marker" [stack: 0x000000cf58300000,0x000000cf58400000] [id=3876]
  0x000002302c250000 ConcurrentGCThread "G1 Conc#0" [stack: 0x000000cf58400000,0x000000cf58500000] [id=7296]

[error occurred during error reporting (printing all threads), id 0xc0000005, EXCEPTION_ACCESS_VIOLATION (0xc0000005) at pc=0x00007ffb28da7e27]

VM state: not at safepoint (not fully initialized)

VM Mutex/Monitor currently owned by a thread:  ([mutex/lock_event])
[0x000002302c1f7700] Heap_lock - owner thread: 0x000002302c1fbe30

Heap address: 0x0000000081c00000, size: 2020 MB, Compressed Oops mode: 32-bit
CDS archive(s) mapped at: [0x0000000000000000-0x0000000000000000-0x0000000000000000), size 0, SharedBaseAddress: 0x0000000800000000, ArchiveRelocationMode: 0.
Narrow klass base: 0x0000000000000000, Narrow klass shift: 0, Narrow klass range: 0x0

Heap:
 garbage-first heap   total 131072K, used 0K [0x0000000081c00000, 0x0000000100000000)
  region size 1024K, 0 young (0K), 0 survivors (0K)
 Metaspace       used 0K, capacity 0K, committed 0K, reserved 0K
  class space    used 0K, capacity 0K, committed 0K, reserved 0K

Heap Regions: E=young(eden), S=young(survivor), O=old, HS=humongous(starts), HC=humongous(continues), CS=collection set, F=free, OA=open archive, CA=closed archive, TAMS=top-at-mark-start (previous, next)

Card table byte_map: [0x0000023043810000,0x0000023043c10000] _byte_map_base: 0x0000023043402000

Marking Bits (Prev, Next): (CMBitMap*) 0x000002302c23d450, (CMBitMap*) 0x000002302c23d490
 Prev Bits: [0x0000023044010000, 0x0000023045fa0000)
 Next Bits: [0x0000023045fa0000, 0x0000023047f30000)

GC Heap History (0 events):
No events

Deoptimization events (0 events):
No events

Classes unloaded (0 events):
No events

Classes redefined (0 events):
No events

Internal exceptions (0 events):
No events

Events (1 events):
Event: 0.005 Loaded shared library C:\Program Files\Java\jdk-15.0.2\bin\java.dll


Dynamic libraries:
0x00007ff7ba050000 - 0x00007ff7ba05f000 	C:\Program Files\Java\jdk-15.0.2\bin\java.exe
0x00007ffb71ef0000 - 0x00007ffb720dd000 	C:\Windows\SYSTEM32\ntdll.dll
0x00007ffb714e0000 - 0x00007ffb71593000 	C:\Windows\System32\KERNEL32.DLL
0x00007ffb6dfc0000 - 0x00007ffb6e253000 	C:\Windows\System32\KERNELBASE.dll
0x00007ffb6ebc0000 - 0x00007ffb6ecbc000 	C:\Windows\System32\ucrtbase.dll
0x00007ffb6ad90000 - 0x00007ffb6ada8000 	C:\Program Files\Java\jdk-15.0.2\bin\jli.dll
0x00007ffb5ee10000 - 0x00007ffb5ee29000 	C:\Program Files\Java\jdk-15.0.2\bin\VCRUNTIME140.dll
0x00007ffb6f590000 - 0x00007ffb6f633000 	C:\Windows\System32\ADVAPI32.dll
0x00007ffb71810000 - 0x00007ffb718ae000 	C:\Windows\System32\msvcrt.dll
0x00007ffb71770000 - 0x00007ffb7180e000 	C:\Windows\System32\sechost.dll
0x00007ffb6f450000 - 0x00007ffb6f573000 	C:\Windows\System32\RPCRT4.dll
0x00007ffb71020000 - 0x00007ffb711b7000 	C:\Windows\System32\USER32.dll
0x00007ffb6ecc0000 - 0x00007ffb6ece0000 	C:\Windows\System32\win32u.dll
0x00007ffb605c0000 - 0x00007ffb60839000 	C:\Windows\WinSxS\amd64_microsoft.windows.common-controls_6595b64144ccf1df_6.0.17763.1_none_f040600eff408c2d\COMCTL32.dll
0x00007ffb70f40000 - 0x00007ffb70f69000 	C:\Windows\System32\GDI32.dll
0x00007ffb6ef80000 - 0x00007ffb6f11a000 	C:\Windows\System32\gdi32full.dll
0x00007ffb6f120000 - 0x00007ffb6f44e000 	C:\Windows\System32\combase.dll
0x00007ffb6ece0000 - 0x00007ffb6ed80000 	C:\Windows\System32\msvcp_win.dll
0x00007ffb6e310000 - 0x00007ffb6e38e000 	C:\Windows\System32\bcryptPrimitives.dll
0x00007ffb697a0000 - 0x00007ffb697aa000 	C:\Windows\SYSTEM32\VERSION.dll
0x00007ffb71d30000 - 0x00007ffb71d5e000 	C:\Windows\System32\IMM32.DLL
0x00007ffb6b100000 - 0x00007ffb6b10c000 	C:\Program Files\Java\jdk-15.0.2\bin\vcruntime140_1.dll
0x00007ffb57a60000 - 0x00007ffb57af1000 	C:\Program Files\Java\jdk-15.0.2\bin\msvcp140.dll
0x00007ffb28af0000 - 0x00007ffb2964e000 	C:\Program Files\Java\jdk-15.0.2\bin\server\jvm.dll
0x00007ffb71610000 - 0x00007ffb71618000 	C:\Windows\System32\PSAPI.DLL
0x00007ffb633f0000 - 0x00007ffb633f9000 	C:\Windows\SYSTEM32\WSOCK32.dll
0x00007ffb6b710000 - 0x00007ffb6b734000 	C:\Windows\SYSTEM32\WINMM.dll
0x00007ffb715a0000 - 0x00007ffb7160d000 	C:\Windows\System32\WS2_32.dll
0x00007ffb6b6b0000 - 0x00007ffb6b6dd000 	C:\Windows\SYSTEM32\WINMMBASE.dll
0x00007ffb6e2c0000 - 0x00007ffb6e30a000 	C:\Windows\System32\cfgmgr32.dll
0x00007ffb6def0000 - 0x00007ffb6df01000 	C:\Windows\System32\kernel.appcore.dll
0x00007ffb69bd0000 - 0x00007ffb69bda000 	C:\Program Files\Java\jdk-15.0.2\bin\jimage.dll
0x00007ffb6c8a0000 - 0x00007ffb6ca8d000 	C:\Windows\SYSTEM32\DBGHELP.DLL
0x00007ffb5df40000 - 0x00007ffb5df6a000 	C:\Windows\SYSTEM32\dbgcore.DLL
0x00007ffb5dd80000 - 0x00007ffb5dd8e000 	C:\Program Files\Java\jdk-15.0.2\bin\instrument.dll
0x00007ffb5ede0000 - 0x00007ffb5ee05000 	C:\Program Files\Java\jdk-15.0.2\bin\java.dll

dbghelp: loaded successfully - version: 4.0.5 - missing functions: none
symbol engine: initialized successfully - sym options: 0x614 - pdb path: .;C:\Program Files\Java\jdk-15.0.2\bin;C:\Windows\SYSTEM32;C:\Windows\WinSxS\amd64_microsoft.windows.common-controls_6595b64144ccf1df_6.0.17763.1_none_f040600eff408c2d;C:\Program Files\Java\jdk-15.0.2\bin\server

VM Arguments:
jvm_args: -ea -Didea.test.cyclic.buffer.size=1048576 -javaagent:D:\Programas\IntelliJ IDEA 2021.1\lib\idea_rt.jar=55267:D:\Programas\IntelliJ IDEA 2021.1\bin -Dfile.encoding=UTF-8 
java_command: com.intellij.rt.junit.JUnitStarter -ideVersion5 -junit5 businessDelegate_Test.BusinessDelegateTest
java_class_path (initial): D:\Programas\IntelliJ IDEA 2021.1\lib\idea_rt.jar;C:\Users\Equipo\.m2\repository\org\junit\platform\junit-platform-launcher\1.7.1\junit-platform-launcher-1.7.1.jar;D:\Programas\IntelliJ IDEA 2021.1\plugins\junit\lib\junit5-rt.jar;D:\Programas\IntelliJ IDEA 2021.1\plugins\junit\lib\junit-rt.jar;C:\Users\Equipo\Desktop\Universidad\SEMESTRE 7\Computación en Internet\tallerfinal\web-app-with-authentication\target\test-classes;C:\Users\Equipo\Desktop\Universidad\SEMESTRE 7\Computación en Internet\tallerfinal\web-app-with-authentication\target\classes;C:\Users\Equipo\.m2\repository\org\springframework\boot\spring-boot-starter\2.4.4\spring-boot-starter-2.4.4.jar;C:\Users\Equipo\.m2\repository\org\springframework\boot\spring-boot\2.4.4\spring-boot-2.4.4.jar;C:\Users\Equipo\.m2\repository\org\springframework\spring-context\5.3.5\spring-context-5.3.5.jar;C:\Users\Equipo\.m2\repository\org\springframework\boot\spring-boot-autoconfigure\2.4.4\spring-boot-autoconfigure-2.4.4.jar;C:\Users\Equipo\.m2\repository\org\springframework\boot\spring-boot-starter-logging\2.4.4\spring-boot-starter-logging-2.4.4.jar;C:\Users\Equipo\.m2\repository\ch\qos\logback\logback-classic\1.2.3\logback-classic-1.2.3.jar;C:\Users\Equipo\.m2\repository\ch\qos\logback\logback-core\1.2.3\logback-core-1.2.3.jar;C:\Users\Equipo\.m2\repository\org\apache\logging\log4j\log4j-to-slf4j\2.13.3\log4j-to-slf4j-2.13.3.jar;C:\Users\Equipo\.m2\repository\org\apache\logging\log4j\log4j-api\2.13.3\log4j-api-2.13.3.jar;C:\Users\Equipo\.m2\repository\org\slf4j\jul-to-slf4j\1.7.30\jul-to-slf4j-1.7.30.jar;C:\Users\Equipo\.m2\repository\jakarta\annotation\jakarta.annotation-api\1.3.5\jakarta.annotation-api-1.3.5.jar;C:\Users\Equipo\.m2\repository\org\springframework\spring-core\5.3.5\spring-core-5.3.5.jar;C:\Users\Equipo\.m2\repository\org\springframework\spring-jcl\5.3.5\spring-jcl-5.3.5.jar;C:\Users\Equipo\.m2\repository\org\yaml\snakeyaml\1.27\snakeyaml-1.27.jar;C:\Users\Equipo\.m2\repository\
Launcher Type: SUN_STANDARD

[Global flags]
     intx CICompilerCount                          = 3                                         {product} {ergonomic}
     uint ConcGCThreads                            = 1                                         {product} {ergonomic}
     uint G1ConcRefinementThreads                  = 4                                         {product} {ergonomic}
   size_t G1HeapRegionSize                         = 1048576                                   {product} {ergonomic}
    uintx GCDrainStackTargetSize                   = 64                                        {product} {ergonomic}
   size_t InitialHeapSize                          = 134217728                                 {product} {ergonomic}
   size_t MarkStackSize                            = 4194304                                   {product} {ergonomic}
   size_t MaxHeapSize                              = 2118123520                                {product} {ergonomic}
   size_t MinHeapDeltaBytes                        = 1048576                                   {product} {ergonomic}
   size_t MinHeapSize                              = 8388608                                   {product} {ergonomic}
    uintx NonNMethodCodeHeapSize                   = 5832780                                {pd product} {ergonomic}
    uintx NonProfiledCodeHeapSize                  = 122912730                              {pd product} {ergonomic}
    uintx ProfiledCodeHeapSize                     = 122912730                              {pd product} {ergonomic}
    uintx ReservedCodeCacheSize                    = 251658240                              {pd product} {ergonomic}
     bool SegmentedCodeCache                       = true                                      {product} {ergonomic}
   size_t SoftMaxHeapSize                          = 2118123520                             {manageable} {ergonomic}
     bool UseCompressedClassPointers               = true                                 {lp64_product} {ergonomic}
     bool UseCompressedOops                        = true                                 {lp64_product} {ergonomic}
     bool UseG1GC                                  = true                                      {product} {ergonomic}
     bool UseLargePagesIndividualAllocation        = false                                  {pd product} {ergonomic}

Logging:
Log output configuration:
 #0: stdout all=warning uptime,level,tags
 #1: stderr all=off uptime,level,tags

Environment Variables:
JAVA_HOME=C:\Program Files\Java\jdk1.6.0_23
PATH=C:\Python39\Scripts\;C:\Python39\;C:\Program Files (x86)\Common Files\Oracle\Java\javapath;C:\Program Files\Common Files\Oracle\Java\javapath;C:\Windows\system32;C:\Windows;C:\Windows\System32\Wbem;C:\Windows\System32\WindowsPowerShell\v1.0\;C:\Windows\System32\OpenSSH\;C:\Program Files (x86)\NVIDIA Corporation\PhysX\Common;D:\Programas\Git\Git\cmd;C:\Program Files\dotnet\;C:\Gradle\gradle-6.7.1\bin;C:\Program Files\Java\jdk1.6.0_23\bin;C:\Program Files (x86)\ZeroTier\One\;C:\Program Files\Java\jdk1.6.0_23\bin;C:\Program Data\Orcale\Java\javapath;C:\Program Files\frascati-runtime-1.4\bin;D:\Programas\Node\;C:\ProgramData\chocolatey\bin;C:\Users\Equipo\AppData\Local\Microsoft\WindowsApps;C:\Users\Equipo\.dotnet\tools;D:\Programas\Microsoft VS Code\bin;D:\Programas\IntelliJ IDEA Community Edition 2020.2.4\bin;D:\Programas\PyCharm Community Edition 2020.3.3\bin;C:\Users\Equipo\AppData\Local\gitkraken\bin;C:\Users\Equipo\.dotnet\tools;D:\Programas\IntelliJ IDEA 2021.1\bin;;C:\Users\Equipo\AppData\Roaming\npm;
USERNAME=Felipe
OS=Windows_NT
PROCESSOR_IDENTIFIER=Intel64 Family 6 Model 142 Stepping 9, GenuineIntel



---------------  S Y S T E M  ---------------

OS:
 Windows 10 , 64 bit Build 17763 (10.0.17763.1)
OS uptime: 0 days 13:30 hours

CPU: total 4 (initial active 4) (2 cores per cpu, 2 threads per core) family 6 model 142 stepping 9 microcode 0x8e, cmov, cx8, fxsr, mmx, sse, sse2, sse3, ssse3, sse4.1, sse4.2, popcnt, vzeroupper, avx, avx2, aes, clmul, erms, 3dnowpref, lzcnt, ht, tsc, tscinvbit, bmi1, bmi2, adx, fma, clflush, clflushopt

Memory: 4k page, system-wide physical 8073M (1933M free)
TotalPageFile size 9097M (AvailPageFile size 103M)
current process WorkingSet (physical memory assigned to process): 10M, peak: 10M
current process commit charge ("private bytes"): 52M, peak: 180M

vm_info: Java HotSpot(TM) 64-Bit Server VM (15.0.2+7-27) for windows-amd64 JRE (15.0.2+7-27), built on Dec  7 2020 20:07:01 by "mach5one" with unknown MS VC++:1925

END.
